{"C:\\Users\\zenca\\Documents\\GitHub\\TFG\\Backend\\src\\Controllers\\Nodemailer.js": {"path":"C:\\Users\\zenca\\Documents\\GitHub\\TFG\\Backend\\src\\Controllers\\Nodemailer.js","statementMap":{"0":{"start":{"line":3,"column":37},"end":{"line":150,"column":1}},"1":{"start":{"line":4,"column":62},"end":{"line":4,"column":70}},"2":{"start":{"line":6,"column":2},"end":{"line":8,"column":3}},"3":{"start":{"line":7,"column":4},"end":{"line":7,"column":84}},"4":{"start":{"line":10,"column":2},"end":{"line":149,"column":3}},"5":{"start":{"line":11,"column":24},"end":{"line":17,"column":6}},"6":{"start":{"line":20,"column":21},"end":{"line":96,"column":5}},"7":{"start":{"line":99,"column":25},"end":{"line":110,"column":14}},"8":{"start":{"line":100,"column":13},"end":{"line":109,"column":7}},"9":{"start":{"line":112,"column":15},"end":{"line":112,"column":57}},"10":{"start":{"line":115,"column":0},"end":{"line":144,"column":3}},"11":{"start":{"line":146,"column":4},"end":{"line":146,"column":70}},"12":{"start":{"line":148,"column":4},"end":{"line":148,"column":89}}},"fnMap":{"0":{"name":"(anonymous_0)","decl":{"start":{"line":3,"column":37},"end":{"line":3,"column":38}},"loc":{"start":{"line":3,"column":57},"end":{"line":150,"column":1}},"line":3},"1":{"name":"(anonymous_1)","decl":{"start":{"line":100,"column":6},"end":{"line":100,"column":7}},"loc":{"start":{"line":100,"column":13},"end":{"line":109,"column":7}},"line":100}},"branchMap":{"0":{"loc":{"start":{"line":6,"column":2},"end":{"line":8,"column":3}},"type":"if","locations":[{"start":{"line":6,"column":2},"end":{"line":8,"column":3}},{"start":{},"end":{}}],"line":6},"1":{"loc":{"start":{"line":6,"column":6},"end":{"line":6,"column":85}},"type":"binary-expr","locations":[{"start":{"line":6,"column":6},"end":{"line":6,"column":12}},{"start":{"line":6,"column":16},"end":{"line":6,"column":29}},{"start":{"line":6,"column":33},"end":{"line":6,"column":44}},{"start":{"line":6,"column":48},"end":{"line":6,"column":57}},{"start":{"line":6,"column":61},"end":{"line":6,"column":85}}],"line":6},"2":{"loc":{"start":{"line":112,"column":15},"end":{"line":112,"column":57}},"type":"cond-expr","locations":[{"start":{"line":112,"column":28},"end":{"line":112,"column":48}},{"start":{"line":112,"column":51},"end":{"line":112,"column":57}}],"line":112}},"s":{"0":0,"1":0,"2":0,"3":0,"4":0,"5":0,"6":0,"7":0,"8":0,"9":0,"10":0,"11":0,"12":0},"f":{"0":0,"1":0},"b":{"0":[0,0],"1":[0,0,0,0,0],"2":[0,0]}}
,"C:\\Users\\zenca\\Documents\\GitHub\\TFG\\Backend\\src\\Controllers\\auth.js": {"path":"C:\\Users\\zenca\\Documents\\GitHub\\TFG\\Backend\\src\\Controllers\\auth.js","statementMap":{"0":{"start":{"line":8,"column":28},"end":{"line":47,"column":1}},"1":{"start":{"line":9,"column":55},"end":{"line":9,"column":63}},"2":{"start":{"line":11,"column":2},"end":{"line":13,"column":3}},"3":{"start":{"line":12,"column":4},"end":{"line":12,"column":80}},"4":{"start":{"line":15,"column":2},"end":{"line":46,"column":3}},"5":{"start":{"line":16,"column":25},"end":{"line":16,"column":53}},"6":{"start":{"line":17,"column":4},"end":{"line":19,"column":5}},"7":{"start":{"line":18,"column":6},"end":{"line":18,"column":89}},"8":{"start":{"line":21,"column":27},"end":{"line":21,"column":58}},"9":{"start":{"line":24,"column":23},"end":{"line":24,"column":62}},"10":{"start":{"line":25,"column":4},"end":{"line":27,"column":5}},"11":{"start":{"line":26,"column":6},"end":{"line":26,"column":61}},"12":{"start":{"line":30,"column":20},"end":{"line":37,"column":5}},"13":{"start":{"line":39,"column":32},"end":{"line":39,"column":49}},"14":{"start":{"line":40,"column":4},"end":{"line":40,"column":65}},"15":{"start":{"line":42,"column":4},"end":{"line":42,"column":88}},"16":{"start":{"line":44,"column":4},"end":{"line":44,"column":50}},"17":{"start":{"line":45,"column":4},"end":{"line":45,"column":60}},"18":{"start":{"line":50,"column":30},"end":{"line":107,"column":1}},"19":{"start":{"line":51,"column":20},"end":{"line":51,"column":28}},"20":{"start":{"line":52,"column":30},"end":{"line":52,"column":47}},"21":{"start":{"line":53,"column":15},"end":{"line":53,"column":75}},"22":{"start":{"line":54,"column":2},"end":{"line":54,"column":77}},"23":{"start":{"line":54,"column":13},"end":{"line":54,"column":77}},"24":{"start":{"line":56,"column":16},"end":{"line":56,"column":54}},"25":{"start":{"line":57,"column":18},"end":{"line":57,"column":45}},"26":{"start":{"line":59,"column":2},"end":{"line":62,"column":4}},"27":{"start":{"line":64,"column":22},"end":{"line":70,"column":4}},"28":{"start":{"line":72,"column":19},"end":{"line":72,"column":72}},"29":{"start":{"line":73,"column":19},"end":{"line":81,"column":3}},"30":{"start":{"line":83,"column":2},"end":{"line":104,"column":5}},"31":{"start":{"line":106,"column":2},"end":{"line":106,"column":58}},"32":{"start":{"line":108,"column":25},"end":{"line":153,"column":1}},"33":{"start":{"line":109,"column":33},"end":{"line":109,"column":41}},"34":{"start":{"line":111,"column":2},"end":{"line":113,"column":3}},"35":{"start":{"line":112,"column":4},"end":{"line":112,"column":82}},"36":{"start":{"line":115,"column":2},"end":{"line":152,"column":3}},"37":{"start":{"line":116,"column":4},"end":{"line":116,"column":47}},"38":{"start":{"line":117,"column":17},"end":{"line":117,"column":51}},"39":{"start":{"line":119,"column":4},"end":{"line":122,"column":5}},"40":{"start":{"line":120,"column":6},"end":{"line":120,"column":43}},"41":{"start":{"line":121,"column":6},"end":{"line":121,"column":73}},"42":{"start":{"line":124,"column":4},"end":{"line":124,"column":45}},"43":{"start":{"line":126,"column":28},"end":{"line":126,"column":74}},"44":{"start":{"line":128,"column":4},"end":{"line":131,"column":5}},"45":{"start":{"line":129,"column":6},"end":{"line":129,"column":41}},"46":{"start":{"line":130,"column":6},"end":{"line":130,"column":73}},"47":{"start":{"line":133,"column":4},"end":{"line":133,"column":57}},"48":{"start":{"line":135,"column":14},"end":{"line":138,"column":1}},"49":{"start":{"line":139,"column":4},"end":{"line":139,"column":42}},"50":{"start":{"line":141,"column":0},"end":{"line":149,"column":3}},"51":{"start":{"line":150,"column":4},"end":{"line":150,"column":56}},"52":{"start":{"line":151,"column":4},"end":{"line":151,"column":65}},"53":{"start":{"line":154,"column":29},"end":{"line":186,"column":1}},"54":{"start":{"line":155,"column":30},"end":{"line":155,"column":38}},"55":{"start":{"line":156,"column":2},"end":{"line":158,"column":3}},"56":{"start":{"line":157,"column":4},"end":{"line":157,"column":88}},"57":{"start":{"line":160,"column":2},"end":{"line":185,"column":3}},"58":{"start":{"line":161,"column":32},"end":{"line":161,"column":49}},"59":{"start":{"line":163,"column":17},"end":{"line":165,"column":6}},"60":{"start":{"line":167,"column":4},"end":{"line":169,"column":5}},"61":{"start":{"line":168,"column":6},"end":{"line":168,"column":63}},"62":{"start":{"line":171,"column":27},"end":{"line":171,"column":58}},"63":{"start":{"line":173,"column":4},"end":{"line":179,"column":6}},"64":{"start":{"line":181,"column":4},"end":{"line":181,"column":66}},"65":{"start":{"line":183,"column":4},"end":{"line":183,"column":60}},"66":{"start":{"line":184,"column":4},"end":{"line":184,"column":74}}},"fnMap":{"0":{"name":"(anonymous_0)","decl":{"start":{"line":8,"column":28},"end":{"line":8,"column":29}},"loc":{"start":{"line":8,"column":48},"end":{"line":47,"column":1}},"line":8},"1":{"name":"(anonymous_1)","decl":{"start":{"line":50,"column":30},"end":{"line":50,"column":31}},"loc":{"start":{"line":50,"column":50},"end":{"line":107,"column":1}},"line":50},"2":{"name":"(anonymous_2)","decl":{"start":{"line":108,"column":25},"end":{"line":108,"column":26}},"loc":{"start":{"line":108,"column":45},"end":{"line":153,"column":1}},"line":108},"3":{"name":"(anonymous_3)","decl":{"start":{"line":154,"column":29},"end":{"line":154,"column":30}},"loc":{"start":{"line":154,"column":49},"end":{"line":186,"column":1}},"line":154}},"branchMap":{"0":{"loc":{"start":{"line":9,"column":37},"end":{"line":9,"column":50}},"type":"default-arg","locations":[{"start":{"line":9,"column":44},"end":{"line":9,"column":50}}],"line":9},"1":{"loc":{"start":{"line":11,"column":2},"end":{"line":13,"column":3}},"type":"if","locations":[{"start":{"line":11,"column":2},"end":{"line":13,"column":3}},{"start":{},"end":{}}],"line":11},"2":{"loc":{"start":{"line":11,"column":6},"end":{"line":11,"column":38}},"type":"binary-expr","locations":[{"start":{"line":11,"column":6},"end":{"line":11,"column":15}},{"start":{"line":11,"column":19},"end":{"line":11,"column":25}},{"start":{"line":11,"column":29},"end":{"line":11,"column":38}}],"line":11},"3":{"loc":{"start":{"line":17,"column":4},"end":{"line":19,"column":5}},"type":"if","locations":[{"start":{"line":17,"column":4},"end":{"line":19,"column":5}},{"start":{},"end":{}}],"line":17},"4":{"loc":{"start":{"line":25,"column":4},"end":{"line":27,"column":5}},"type":"if","locations":[{"start":{"line":25,"column":4},"end":{"line":27,"column":5}},{"start":{},"end":{}}],"line":25},"5":{"loc":{"start":{"line":54,"column":2},"end":{"line":54,"column":77}},"type":"if","locations":[{"start":{"line":54,"column":2},"end":{"line":54,"column":77}},{"start":{},"end":{}}],"line":54},"6":{"loc":{"start":{"line":111,"column":2},"end":{"line":113,"column":3}},"type":"if","locations":[{"start":{"line":111,"column":2},"end":{"line":113,"column":3}},{"start":{},"end":{}}],"line":111},"7":{"loc":{"start":{"line":111,"column":6},"end":{"line":111,"column":28}},"type":"binary-expr","locations":[{"start":{"line":111,"column":6},"end":{"line":111,"column":15}},{"start":{"line":111,"column":19},"end":{"line":111,"column":28}}],"line":111},"8":{"loc":{"start":{"line":119,"column":4},"end":{"line":122,"column":5}},"type":"if","locations":[{"start":{"line":119,"column":4},"end":{"line":122,"column":5}},{"start":{},"end":{}}],"line":119},"9":{"loc":{"start":{"line":128,"column":4},"end":{"line":131,"column":5}},"type":"if","locations":[{"start":{"line":128,"column":4},"end":{"line":131,"column":5}},{"start":{},"end":{}}],"line":128},"10":{"loc":{"start":{"line":156,"column":2},"end":{"line":158,"column":3}},"type":"if","locations":[{"start":{"line":156,"column":2},"end":{"line":158,"column":3}},{"start":{},"end":{}}],"line":156},"11":{"loc":{"start":{"line":156,"column":6},"end":{"line":156,"column":25}},"type":"binary-expr","locations":[{"start":{"line":156,"column":6},"end":{"line":156,"column":12}},{"start":{"line":156,"column":16},"end":{"line":156,"column":25}}],"line":156},"12":{"loc":{"start":{"line":167,"column":4},"end":{"line":169,"column":5}},"type":"if","locations":[{"start":{"line":167,"column":4},"end":{"line":169,"column":5}},{"start":{},"end":{}}],"line":167}},"s":{"0":0,"1":0,"2":0,"3":0,"4":0,"5":0,"6":0,"7":0,"8":0,"9":0,"10":0,"11":0,"12":0,"13":0,"14":0,"15":0,"16":0,"17":0,"18":0,"19":0,"20":0,"21":0,"22":0,"23":0,"24":0,"25":0,"26":0,"27":0,"28":0,"29":0,"30":0,"31":0,"32":0,"33":0,"34":0,"35":0,"36":0,"37":0,"38":0,"39":0,"40":0,"41":0,"42":0,"43":0,"44":0,"45":0,"46":0,"47":0,"48":0,"49":0,"50":0,"51":0,"52":0,"53":0,"54":0,"55":0,"56":0,"57":0,"58":0,"59":0,"60":0,"61":0,"62":0,"63":0,"64":0,"65":0,"66":0},"f":{"0":0,"1":0,"2":0,"3":0},"b":{"0":[0],"1":[0,0],"2":[0,0,0],"3":[0,0],"4":[0,0],"5":[0,0],"6":[0,0],"7":[0,0],"8":[0,0],"9":[0,0],"10":[0,0],"11":[0,0],"12":[0,0]}}
,"C:\\Users\\zenca\\Documents\\GitHub\\TFG\\Backend\\src\\Controllers\\cart.js": {"path":"C:\\Users\\zenca\\Documents\\GitHub\\TFG\\Backend\\src\\Controllers\\cart.js","statementMap":{"0":{"start":{"line":5,"column":28},"end":{"line":19,"column":1}},"1":{"start":{"line":6,"column":17},"end":{"line":6,"column":33}},"2":{"start":{"line":7,"column":2},"end":{"line":9,"column":3}},"3":{"start":{"line":8,"column":4},"end":{"line":8,"column":66}},"4":{"start":{"line":10,"column":2},"end":{"line":18,"column":3}},"5":{"start":{"line":11,"column":23},"end":{"line":11,"column":47}},"6":{"start":{"line":13,"column":22},"end":{"line":13,"column":100}},"7":{"start":{"line":14,"column":4},"end":{"line":14,"column":36}},"8":{"start":{"line":16,"column":4},"end":{"line":16,"column":72}},"9":{"start":{"line":17,"column":4},"end":{"line":17,"column":82}},"10":{"start":{"line":21,"column":29},"end":{"line":29,"column":1}},"11":{"start":{"line":22,"column":2},"end":{"line":28,"column":3}},"12":{"start":{"line":23,"column":23},"end":{"line":23,"column":47}},"13":{"start":{"line":24,"column":4},"end":{"line":24,"column":84}},"14":{"start":{"line":25,"column":4},"end":{"line":25,"column":74}},"15":{"start":{"line":27,"column":4},"end":{"line":27,"column":84}},"16":{"start":{"line":31,"column":25},"end":{"line":71,"column":1}},"17":{"start":{"line":32,"column":55},"end":{"line":32,"column":63}},"18":{"start":{"line":34,"column":2},"end":{"line":36,"column":3}},"19":{"start":{"line":35,"column":4},"end":{"line":35,"column":84}},"20":{"start":{"line":38,"column":2},"end":{"line":70,"column":3}},"21":{"start":{"line":39,"column":23},"end":{"line":39,"column":47}},"22":{"start":{"line":40,"column":20},"end":{"line":40,"column":101}},"23":{"start":{"line":41,"column":4},"end":{"line":43,"column":5}},"24":{"start":{"line":42,"column":6},"end":{"line":42,"column":73}},"25":{"start":{"line":46,"column":25},"end":{"line":46,"column":126}},"26":{"start":{"line":48,"column":4},"end":{"line":64,"column":5}},"27":{"start":{"line":49,"column":6},"end":{"line":52,"column":8}},"28":{"start":{"line":54,"column":26},"end":{"line":62,"column":7}},"29":{"start":{"line":63,"column":6},"end":{"line":63,"column":65}},"30":{"start":{"line":66,"column":4},"end":{"line":66,"column":69}},"31":{"start":{"line":68,"column":4},"end":{"line":68,"column":68}},"32":{"start":{"line":69,"column":4},"end":{"line":69,"column":78}},"33":{"start":{"line":73,"column":30},"end":{"line":99,"column":1}},"34":{"start":{"line":74,"column":32},"end":{"line":74,"column":42}},"35":{"start":{"line":75,"column":2},"end":{"line":98,"column":3}},"36":{"start":{"line":76,"column":23},"end":{"line":76,"column":47}},"37":{"start":{"line":78,"column":4},"end":{"line":78,"column":98}},"38":{"start":{"line":79,"column":16},"end":{"line":82,"column":6}},"39":{"start":{"line":83,"column":4},"end":{"line":83,"column":46}},"40":{"start":{"line":85,"column":19},"end":{"line":88,"column":6}},"41":{"start":{"line":90,"column":4},"end":{"line":92,"column":5}},"42":{"start":{"line":91,"column":6},"end":{"line":91,"column":87}},"43":{"start":{"line":94,"column":4},"end":{"line":94,"column":72}},"44":{"start":{"line":96,"column":4},"end":{"line":96,"column":71}},"45":{"start":{"line":97,"column":4},"end":{"line":97,"column":81}}},"fnMap":{"0":{"name":"(anonymous_0)","decl":{"start":{"line":5,"column":28},"end":{"line":5,"column":29}},"loc":{"start":{"line":5,"column":48},"end":{"line":19,"column":1}},"line":5},"1":{"name":"(anonymous_1)","decl":{"start":{"line":21,"column":29},"end":{"line":21,"column":30}},"loc":{"start":{"line":21,"column":49},"end":{"line":29,"column":1}},"line":21},"2":{"name":"(anonymous_2)","decl":{"start":{"line":31,"column":25},"end":{"line":31,"column":26}},"loc":{"start":{"line":31,"column":45},"end":{"line":71,"column":1}},"line":31},"3":{"name":"(anonymous_3)","decl":{"start":{"line":73,"column":30},"end":{"line":73,"column":31}},"loc":{"start":{"line":73,"column":50},"end":{"line":99,"column":1}},"line":73}},"branchMap":{"0":{"loc":{"start":{"line":7,"column":2},"end":{"line":9,"column":3}},"type":"if","locations":[{"start":{"line":7,"column":2},"end":{"line":9,"column":3}},{"start":{},"end":{}}],"line":7},"1":{"loc":{"start":{"line":34,"column":2},"end":{"line":36,"column":3}},"type":"if","locations":[{"start":{"line":34,"column":2},"end":{"line":36,"column":3}},{"start":{},"end":{}}],"line":34},"2":{"loc":{"start":{"line":41,"column":4},"end":{"line":43,"column":5}},"type":"if","locations":[{"start":{"line":41,"column":4},"end":{"line":43,"column":5}},{"start":{},"end":{}}],"line":41},"3":{"loc":{"start":{"line":48,"column":4},"end":{"line":64,"column":5}},"type":"if","locations":[{"start":{"line":48,"column":4},"end":{"line":64,"column":5}},{"start":{"line":53,"column":11},"end":{"line":64,"column":5}}],"line":48},"4":{"loc":{"start":{"line":90,"column":4},"end":{"line":92,"column":5}},"type":"if","locations":[{"start":{"line":90,"column":4},"end":{"line":92,"column":5}},{"start":{},"end":{}}],"line":90}},"s":{"0":0,"1":0,"2":0,"3":0,"4":0,"5":0,"6":0,"7":0,"8":0,"9":0,"10":0,"11":0,"12":0,"13":0,"14":0,"15":0,"16":0,"17":0,"18":0,"19":0,"20":0,"21":0,"22":0,"23":0,"24":0,"25":0,"26":0,"27":0,"28":0,"29":0,"30":0,"31":0,"32":0,"33":0,"34":0,"35":0,"36":0,"37":0,"38":0,"39":0,"40":0,"41":0,"42":0,"43":0,"44":0,"45":0},"f":{"0":0,"1":0,"2":0,"3":0},"b":{"0":[0,0],"1":[0,0],"2":[0,0],"3":[0,0],"4":[0,0]}}
,"C:\\Users\\zenca\\Documents\\GitHub\\TFG\\Backend\\src\\Controllers\\checkout.js": {"path":"C:\\Users\\zenca\\Documents\\GitHub\\TFG\\Backend\\src\\Controllers\\checkout.js","statementMap":{"0":{"start":{"line":4,"column":15},"end":{"line":4,"column":56}},"1":{"start":{"line":6,"column":31},"end":{"line":64,"column":1}},"2":{"start":{"line":7,"column":40},"end":{"line":7,"column":48}},"3":{"start":{"line":8,"column":15},"end":{"line":8,"column":23}},"4":{"start":{"line":11,"column":21},"end":{"line":11,"column":46}},"5":{"start":{"line":12,"column":2},"end":{"line":20,"column":3}},"6":{"start":{"line":13,"column":18},"end":{"line":13,"column":42}},"7":{"start":{"line":14,"column":4},"end":{"line":19,"column":5}},"8":{"start":{"line":15,"column":22},"end":{"line":15,"column":39}},"9":{"start":{"line":16,"column":6},"end":{"line":16,"column":50}},"10":{"start":{"line":18,"column":6},"end":{"line":18,"column":65}},"11":{"start":{"line":22,"column":2},"end":{"line":22,"column":53}},"12":{"start":{"line":24,"column":2},"end":{"line":63,"column":3}},"13":{"start":{"line":25,"column":4},"end":{"line":35,"column":5}},"14":{"start":{"line":32,"column":6},"end":{"line":34,"column":83}},"15":{"start":{"line":37,"column":20},"end":{"line":37,"column":79}},"16":{"start":{"line":37,"column":42},"end":{"line":37,"column":68}},"17":{"start":{"line":38,"column":23},"end":{"line":38,"column":88}},"18":{"start":{"line":38,"column":45},"end":{"line":38,"column":76}},"19":{"start":{"line":40,"column":22},"end":{"line":52,"column":2}},"20":{"start":{"line":54,"column":4},"end":{"line":58,"column":7}},"21":{"start":{"line":60,"column":4},"end":{"line":62,"column":83}}},"fnMap":{"0":{"name":"(anonymous_0)","decl":{"start":{"line":6,"column":31},"end":{"line":6,"column":32}},"loc":{"start":{"line":6,"column":51},"end":{"line":64,"column":1}},"line":6},"1":{"name":"(anonymous_1)","decl":{"start":{"line":37,"column":34},"end":{"line":37,"column":35}},"loc":{"start":{"line":37,"column":42},"end":{"line":37,"column":68}},"line":37},"2":{"name":"(anonymous_2)","decl":{"start":{"line":38,"column":37},"end":{"line":38,"column":38}},"loc":{"start":{"line":38,"column":45},"end":{"line":38,"column":76}},"line":38}},"branchMap":{"0":{"loc":{"start":{"line":12,"column":2},"end":{"line":20,"column":3}},"type":"if","locations":[{"start":{"line":12,"column":2},"end":{"line":20,"column":3}},{"start":{},"end":{}}],"line":12},"1":{"loc":{"start":{"line":12,"column":6},"end":{"line":12,"column":52}},"type":"binary-expr","locations":[{"start":{"line":12,"column":6},"end":{"line":12,"column":16}},{"start":{"line":12,"column":20},"end":{"line":12,"column":52}}],"line":12},"2":{"loc":{"start":{"line":25,"column":4},"end":{"line":35,"column":5}},"type":"if","locations":[{"start":{"line":25,"column":4},"end":{"line":35,"column":5}},{"start":{},"end":{}}],"line":25},"3":{"loc":{"start":{"line":26,"column":6},"end":{"line":30,"column":28}},"type":"binary-expr","locations":[{"start":{"line":26,"column":6},"end":{"line":26,"column":11}},{"start":{"line":27,"column":6},"end":{"line":27,"column":17}},{"start":{"line":28,"column":6},"end":{"line":28,"column":16}},{"start":{"line":29,"column":6},"end":{"line":29,"column":31}},{"start":{"line":30,"column":6},"end":{"line":30,"column":28}}],"line":26},"4":{"loc":{"start":{"line":37,"column":42},"end":{"line":37,"column":68}},"type":"binary-expr","locations":[{"start":{"line":37,"column":42},"end":{"line":37,"column":56}},{"start":{"line":37,"column":60},"end":{"line":37,"column":68}}],"line":37}},"s":{"0":0,"1":0,"2":0,"3":0,"4":0,"5":0,"6":0,"7":0,"8":0,"9":0,"10":0,"11":0,"12":0,"13":0,"14":0,"15":0,"16":0,"17":0,"18":0,"19":0,"20":0,"21":0},"f":{"0":0,"1":0,"2":0},"b":{"0":[0,0],"1":[0,0],"2":[0,0],"3":[0,0,0,0,0],"4":[0,0]}}
,"C:\\Users\\zenca\\Documents\\GitHub\\TFG\\Backend\\src\\Controllers\\products.js": {"path":"C:\\Users\\zenca\\Documents\\GitHub\\TFG\\Backend\\src\\Controllers\\products.js","statementMap":{"0":{"start":{"line":7,"column":30},"end":{"line":15,"column":1}},"1":{"start":{"line":8,"column":2},"end":{"line":14,"column":3}},"2":{"start":{"line":9,"column":23},"end":{"line":9,"column":47}},"3":{"start":{"line":10,"column":21},"end":{"line":10,"column":77}},"4":{"start":{"line":11,"column":4},"end":{"line":11,"column":35}},"5":{"start":{"line":13,"column":4},"end":{"line":13,"column":51}},"6":{"start":{"line":18,"column":30},"end":{"line":34,"column":1}},"7":{"start":{"line":19,"column":15},"end":{"line":19,"column":25}},"8":{"start":{"line":20,"column":2},"end":{"line":20,"column":34}},"9":{"start":{"line":21,"column":19},"end":{"line":21,"column":43}},"10":{"start":{"line":22,"column":14},"end":{"line":22,"column":18}},"11":{"start":{"line":23,"column":0},"end":{"line":25,"column":1}},"12":{"start":{"line":24,"column":2},"end":{"line":24,"column":87}},"13":{"start":{"line":26,"column":0},"end":{"line":29,"column":1}},"14":{"start":{"line":28,"column":2},"end":{"line":28,"column":73}},"15":{"start":{"line":30,"column":0},"end":{"line":32,"column":1}},"16":{"start":{"line":31,"column":2},"end":{"line":31,"column":69}},"17":{"start":{"line":33,"column":0},"end":{"line":33,"column":30}},"18":{"start":{"line":35,"column":29},"end":{"line":74,"column":1}},"19":{"start":{"line":36,"column":2},"end":{"line":73,"column":3}},"20":{"start":{"line":37,"column":74},"end":{"line":37,"column":82}},"21":{"start":{"line":39,"column":4},"end":{"line":41,"column":5}},"22":{"start":{"line":40,"column":6},"end":{"line":40,"column":120}},"23":{"start":{"line":44,"column":21},"end":{"line":44,"column":23}},"24":{"start":{"line":45,"column":4},"end":{"line":51,"column":5}},"25":{"start":{"line":46,"column":6},"end":{"line":46,"column":28}},"26":{"start":{"line":47,"column":11},"end":{"line":51,"column":5}},"27":{"start":{"line":48,"column":6},"end":{"line":48,"column":58}},"28":{"start":{"line":48,"column":48},"end":{"line":48,"column":56}},"29":{"start":{"line":50,"column":6},"end":{"line":50,"column":103}},"30":{"start":{"line":53,"column":21},"end":{"line":53,"column":60}},"31":{"start":{"line":55,"column":23},"end":{"line":55,"column":47}},"32":{"start":{"line":56,"column":23},"end":{"line":67,"column":5}},"33":{"start":{"line":69,"column":4},"end":{"line":69,"column":66}},"34":{"start":{"line":70,"column":4},"end":{"line":70,"column":37}},"35":{"start":{"line":72,"column":4},"end":{"line":72,"column":51}},"36":{"start":{"line":76,"column":29},"end":{"line":112,"column":1}},"37":{"start":{"line":77,"column":2},"end":{"line":111,"column":3}},"38":{"start":{"line":78,"column":19},"end":{"line":78,"column":29}},"39":{"start":{"line":79,"column":74},"end":{"line":79,"column":82}},"40":{"start":{"line":82,"column":21},"end":{"line":82,"column":23}},"41":{"start":{"line":83,"column":4},"end":{"line":89,"column":5}},"42":{"start":{"line":84,"column":6},"end":{"line":84,"column":28}},"43":{"start":{"line":85,"column":11},"end":{"line":89,"column":5}},"44":{"start":{"line":86,"column":6},"end":{"line":86,"column":58}},"45":{"start":{"line":86,"column":48},"end":{"line":86,"column":56}},"46":{"start":{"line":88,"column":6},"end":{"line":88,"column":103}},"47":{"start":{"line":91,"column":23},"end":{"line":91,"column":47}},"48":{"start":{"line":93,"column":24},"end":{"line":93,"column":120}},"49":{"start":{"line":94,"column":4},"end":{"line":97,"column":5}},"50":{"start":{"line":95,"column":23},"end":{"line":95,"column":62}},"51":{"start":{"line":96,"column":6},"end":{"line":96,"column":40}},"52":{"start":{"line":99,"column":19},"end":{"line":102,"column":5}},"53":{"start":{"line":104,"column":4},"end":{"line":106,"column":5}},"54":{"start":{"line":105,"column":6},"end":{"line":105,"column":73}},"55":{"start":{"line":108,"column":4},"end":{"line":108,"column":75}},"56":{"start":{"line":110,"column":4},"end":{"line":110,"column":51}},"57":{"start":{"line":114,"column":29},"end":{"line":134,"column":1}},"58":{"start":{"line":115,"column":2},"end":{"line":133,"column":3}},"59":{"start":{"line":116,"column":19},"end":{"line":116,"column":29}},"60":{"start":{"line":119,"column":4},"end":{"line":121,"column":5}},"61":{"start":{"line":120,"column":6},"end":{"line":120,"column":75}},"62":{"start":{"line":123,"column":23},"end":{"line":123,"column":47}},"63":{"start":{"line":124,"column":19},"end":{"line":124,"column":95}},"64":{"start":{"line":126,"column":4},"end":{"line":128,"column":5}},"65":{"start":{"line":127,"column":6},"end":{"line":127,"column":73}},"66":{"start":{"line":130,"column":4},"end":{"line":130,"column":73}},"67":{"start":{"line":132,"column":4},"end":{"line":132,"column":51}},"68":{"start":{"line":136,"column":33},"end":{"line":152,"column":1}},"69":{"start":{"line":137,"column":17},"end":{"line":137,"column":27}},"70":{"start":{"line":139,"column":2},"end":{"line":151,"column":3}},"71":{"start":{"line":140,"column":23},"end":{"line":140,"column":47}},"72":{"start":{"line":141,"column":20},"end":{"line":141,"column":80}},"73":{"start":{"line":143,"column":4},"end":{"line":145,"column":5}},"74":{"start":{"line":144,"column":6},"end":{"line":144,"column":73}},"75":{"start":{"line":147,"column":4},"end":{"line":147,"column":34}},"76":{"start":{"line":149,"column":4},"end":{"line":149,"column":72}},"77":{"start":{"line":150,"column":4},"end":{"line":150,"column":68}}},"fnMap":{"0":{"name":"(anonymous_0)","decl":{"start":{"line":7,"column":30},"end":{"line":7,"column":31}},"loc":{"start":{"line":7,"column":50},"end":{"line":15,"column":1}},"line":7},"1":{"name":"(anonymous_1)","decl":{"start":{"line":18,"column":30},"end":{"line":18,"column":31}},"loc":{"start":{"line":18,"column":50},"end":{"line":34,"column":1}},"line":18},"2":{"name":"(anonymous_2)","decl":{"start":{"line":35,"column":29},"end":{"line":35,"column":30}},"loc":{"start":{"line":35,"column":49},"end":{"line":74,"column":1}},"line":35},"3":{"name":"(anonymous_3)","decl":{"start":{"line":48,"column":43},"end":{"line":48,"column":44}},"loc":{"start":{"line":48,"column":48},"end":{"line":48,"column":56}},"line":48},"4":{"name":"(anonymous_4)","decl":{"start":{"line":76,"column":29},"end":{"line":76,"column":30}},"loc":{"start":{"line":76,"column":49},"end":{"line":112,"column":1}},"line":76},"5":{"name":"(anonymous_5)","decl":{"start":{"line":86,"column":43},"end":{"line":86,"column":44}},"loc":{"start":{"line":86,"column":48},"end":{"line":86,"column":56}},"line":86},"6":{"name":"(anonymous_6)","decl":{"start":{"line":114,"column":29},"end":{"line":114,"column":30}},"loc":{"start":{"line":114,"column":49},"end":{"line":134,"column":1}},"line":114},"7":{"name":"(anonymous_7)","decl":{"start":{"line":136,"column":33},"end":{"line":136,"column":34}},"loc":{"start":{"line":136,"column":53},"end":{"line":152,"column":1}},"line":136}},"branchMap":{"0":{"loc":{"start":{"line":23,"column":0},"end":{"line":25,"column":1}},"type":"if","locations":[{"start":{"line":23,"column":0},"end":{"line":25,"column":1}},{"start":{},"end":{}}],"line":23},"1":{"loc":{"start":{"line":26,"column":0},"end":{"line":29,"column":1}},"type":"if","locations":[{"start":{"line":26,"column":0},"end":{"line":29,"column":1}},{"start":{},"end":{}}],"line":26},"2":{"loc":{"start":{"line":30,"column":0},"end":{"line":32,"column":1}},"type":"if","locations":[{"start":{"line":30,"column":0},"end":{"line":32,"column":1}},{"start":{},"end":{}}],"line":30},"3":{"loc":{"start":{"line":39,"column":4},"end":{"line":41,"column":5}},"type":"if","locations":[{"start":{"line":39,"column":4},"end":{"line":41,"column":5}},{"start":{},"end":{}}],"line":39},"4":{"loc":{"start":{"line":39,"column":8},"end":{"line":39,"column":110}},"type":"binary-expr","locations":[{"start":{"line":39,"column":8},"end":{"line":39,"column":13}},{"start":{"line":39,"column":17},"end":{"line":39,"column":29}},{"start":{"line":39,"column":33},"end":{"line":39,"column":39}},{"start":{"line":39,"column":43},"end":{"line":39,"column":52}},{"start":{"line":39,"column":56},"end":{"line":39,"column":75}},{"start":{"line":39,"column":79},"end":{"line":39,"column":88}},{"start":{"line":39,"column":92},"end":{"line":39,"column":97}},{"start":{"line":39,"column":101},"end":{"line":39,"column":110}}],"line":39},"5":{"loc":{"start":{"line":45,"column":4},"end":{"line":51,"column":5}},"type":"if","locations":[{"start":{"line":45,"column":4},"end":{"line":51,"column":5}},{"start":{"line":47,"column":11},"end":{"line":51,"column":5}}],"line":45},"6":{"loc":{"start":{"line":47,"column":11},"end":{"line":51,"column":5}},"type":"if","locations":[{"start":{"line":47,"column":11},"end":{"line":51,"column":5}},{"start":{"line":49,"column":11},"end":{"line":51,"column":5}}],"line":47},"7":{"loc":{"start":{"line":83,"column":4},"end":{"line":89,"column":5}},"type":"if","locations":[{"start":{"line":83,"column":4},"end":{"line":89,"column":5}},{"start":{"line":85,"column":11},"end":{"line":89,"column":5}}],"line":83},"8":{"loc":{"start":{"line":85,"column":11},"end":{"line":89,"column":5}},"type":"if","locations":[{"start":{"line":85,"column":11},"end":{"line":89,"column":5}},{"start":{"line":87,"column":11},"end":{"line":89,"column":5}}],"line":85},"9":{"loc":{"start":{"line":94,"column":4},"end":{"line":97,"column":5}},"type":"if","locations":[{"start":{"line":94,"column":4},"end":{"line":97,"column":5}},{"start":{},"end":{}}],"line":94},"10":{"loc":{"start":{"line":104,"column":4},"end":{"line":106,"column":5}},"type":"if","locations":[{"start":{"line":104,"column":4},"end":{"line":106,"column":5}},{"start":{},"end":{}}],"line":104},"11":{"loc":{"start":{"line":119,"column":4},"end":{"line":121,"column":5}},"type":"if","locations":[{"start":{"line":119,"column":4},"end":{"line":121,"column":5}},{"start":{},"end":{}}],"line":119},"12":{"loc":{"start":{"line":126,"column":4},"end":{"line":128,"column":5}},"type":"if","locations":[{"start":{"line":126,"column":4},"end":{"line":128,"column":5}},{"start":{},"end":{}}],"line":126},"13":{"loc":{"start":{"line":143,"column":4},"end":{"line":145,"column":5}},"type":"if","locations":[{"start":{"line":143,"column":4},"end":{"line":145,"column":5}},{"start":{},"end":{}}],"line":143}},"s":{"0":0,"1":0,"2":0,"3":0,"4":0,"5":0,"6":0,"7":0,"8":0,"9":0,"10":0,"11":0,"12":0,"13":0,"14":0,"15":0,"16":0,"17":0,"18":0,"19":0,"20":0,"21":0,"22":0,"23":0,"24":0,"25":0,"26":0,"27":0,"28":0,"29":0,"30":0,"31":0,"32":0,"33":0,"34":0,"35":0,"36":0,"37":0,"38":0,"39":0,"40":0,"41":0,"42":0,"43":0,"44":0,"45":0,"46":0,"47":0,"48":0,"49":0,"50":0,"51":0,"52":0,"53":0,"54":0,"55":0,"56":0,"57":0,"58":0,"59":0,"60":0,"61":0,"62":0,"63":0,"64":0,"65":0,"66":0,"67":0,"68":0,"69":0,"70":0,"71":0,"72":0,"73":0,"74":0,"75":0,"76":0,"77":0},"f":{"0":0,"1":0,"2":0,"3":0,"4":0,"5":0,"6":0,"7":0},"b":{"0":[0,0],"1":[0,0],"2":[0,0],"3":[0,0],"4":[0,0,0,0,0,0,0,0],"5":[0,0],"6":[0,0],"7":[0,0],"8":[0,0],"9":[0,0],"10":[0,0],"11":[0,0],"12":[0,0],"13":[0,0]}}
,"C:\\Users\\zenca\\Documents\\GitHub\\TFG\\Backend\\src\\Controllers\\recomendations.js": {"path":"C:\\Users\\zenca\\Documents\\GitHub\\TFG\\Backend\\src\\Controllers\\recomendations.js","statementMap":{"0":{"start":{"line":4,"column":34},"end":{"line":157,"column":1}},"1":{"start":{"line":5,"column":17},"end":{"line":5,"column":63}},"2":{"start":{"line":6,"column":2},"end":{"line":6,"column":59}},"3":{"start":{"line":8,"column":2},"end":{"line":156,"column":3}},"4":{"start":{"line":9,"column":23},"end":{"line":9,"column":47}},"5":{"start":{"line":12,"column":21},"end":{"line":12,"column":87}},"6":{"start":{"line":13,"column":4},"end":{"line":13,"column":58}},"7":{"start":{"line":15,"column":4},"end":{"line":51,"column":5}},"8":{"start":{"line":16,"column":25},"end":{"line":22,"column":24}},"9":{"start":{"line":17,"column":23},"end":{"line":17,"column":49}},"10":{"start":{"line":20,"column":10},"end":{"line":20,"column":65}},"11":{"start":{"line":20,"column":16},"end":{"line":20,"column":40}},"12":{"start":{"line":20,"column":51},"end":{"line":20,"column":63}},"13":{"start":{"line":24,"column":6},"end":{"line":24,"column":70}},"14":{"start":{"line":26,"column":6},"end":{"line":50,"column":7}},"15":{"start":{"line":27,"column":25},"end":{"line":30,"column":20}},"16":{"start":{"line":31,"column":8},"end":{"line":31,"column":75}},"17":{"start":{"line":33,"column":27},"end":{"line":35,"column":26}},"18":{"start":{"line":34,"column":26},"end":{"line":34,"column":79}},"19":{"start":{"line":36,"column":8},"end":{"line":36,"column":78}},"20":{"start":{"line":38,"column":8},"end":{"line":49,"column":9}},"21":{"start":{"line":39,"column":34},"end":{"line":43,"column":22}},"22":{"start":{"line":44,"column":10},"end":{"line":44,"column":79}},"23":{"start":{"line":45,"column":10},"end":{"line":48,"column":11}},"24":{"start":{"line":46,"column":12},"end":{"line":46,"column":57}},"25":{"start":{"line":47,"column":12},"end":{"line":47,"column":57}},"26":{"start":{"line":54,"column":17},"end":{"line":54,"column":79}},"27":{"start":{"line":55,"column":4},"end":{"line":55,"column":53}},"28":{"start":{"line":57,"column":4},"end":{"line":93,"column":5}},"29":{"start":{"line":58,"column":25},"end":{"line":64,"column":24}},"30":{"start":{"line":59,"column":23},"end":{"line":59,"column":49}},"31":{"start":{"line":62,"column":10},"end":{"line":62,"column":65}},"32":{"start":{"line":62,"column":16},"end":{"line":62,"column":40}},"33":{"start":{"line":62,"column":51},"end":{"line":62,"column":63}},"34":{"start":{"line":66,"column":6},"end":{"line":66,"column":69}},"35":{"start":{"line":68,"column":6},"end":{"line":92,"column":7}},"36":{"start":{"line":69,"column":25},"end":{"line":72,"column":20}},"37":{"start":{"line":73,"column":8},"end":{"line":73,"column":74}},"38":{"start":{"line":75,"column":27},"end":{"line":77,"column":26}},"39":{"start":{"line":76,"column":26},"end":{"line":76,"column":79}},"40":{"start":{"line":78,"column":8},"end":{"line":78,"column":77}},"41":{"start":{"line":80,"column":8},"end":{"line":91,"column":9}},"42":{"start":{"line":81,"column":34},"end":{"line":85,"column":22}},"43":{"start":{"line":86,"column":10},"end":{"line":86,"column":78}},"44":{"start":{"line":87,"column":10},"end":{"line":90,"column":11}},"45":{"start":{"line":88,"column":12},"end":{"line":88,"column":56}},"46":{"start":{"line":89,"column":12},"end":{"line":89,"column":57}},"47":{"start":{"line":96,"column":31},"end":{"line":98,"column":52}},"48":{"start":{"line":99,"column":4},"end":{"line":99,"column":70}},"49":{"start":{"line":101,"column":4},"end":{"line":125,"column":5}},"50":{"start":{"line":103,"column":6},"end":{"line":109,"column":7}},"51":{"start":{"line":104,"column":8},"end":{"line":106,"column":72}},"52":{"start":{"line":108,"column":8},"end":{"line":108,"column":23}},"53":{"start":{"line":110,"column":6},"end":{"line":110,"column":72}},"54":{"start":{"line":112,"column":6},"end":{"line":124,"column":7}},"55":{"start":{"line":113,"column":27},"end":{"line":113,"column":98}},"56":{"start":{"line":114,"column":32},"end":{"line":118,"column":20}},"57":{"start":{"line":119,"column":8},"end":{"line":119,"column":74}},"58":{"start":{"line":120,"column":8},"end":{"line":123,"column":9}},"59":{"start":{"line":121,"column":10},"end":{"line":121,"column":52}},"60":{"start":{"line":122,"column":10},"end":{"line":122,"column":55}},"61":{"start":{"line":128,"column":28},"end":{"line":133,"column":16}},"62":{"start":{"line":134,"column":4},"end":{"line":134,"column":64}},"63":{"start":{"line":136,"column":4},"end":{"line":139,"column":5}},"64":{"start":{"line":137,"column":6},"end":{"line":137,"column":54}},"65":{"start":{"line":138,"column":6},"end":{"line":138,"column":51}},"66":{"start":{"line":142,"column":4},"end":{"line":142,"column":87}},"67":{"start":{"line":143,"column":4},"end":{"line":143,"column":58}},"68":{"start":{"line":144,"column":4},"end":{"line":152,"column":7}},"69":{"start":{"line":154,"column":4},"end":{"line":154,"column":69}},"70":{"start":{"line":155,"column":4},"end":{"line":155,"column":72}}},"fnMap":{"0":{"name":"(anonymous_0)","decl":{"start":{"line":4,"column":34},"end":{"line":4,"column":35}},"loc":{"start":{"line":4,"column":54},"end":{"line":157,"column":1}},"line":4},"1":{"name":"(anonymous_1)","decl":{"start":{"line":17,"column":13},"end":{"line":17,"column":14}},"loc":{"start":{"line":17,"column":23},"end":{"line":17,"column":49}},"line":17},"2":{"name":"(anonymous_2)","decl":{"start":{"line":19,"column":13},"end":{"line":19,"column":14}},"loc":{"start":{"line":19,"column":21},"end":{"line":21,"column":9}},"line":19},"3":{"name":"(anonymous_3)","decl":{"start":{"line":34,"column":19},"end":{"line":34,"column":20}},"loc":{"start":{"line":34,"column":26},"end":{"line":34,"column":79}},"line":34},"4":{"name":"(anonymous_4)","decl":{"start":{"line":59,"column":13},"end":{"line":59,"column":14}},"loc":{"start":{"line":59,"column":23},"end":{"line":59,"column":49}},"line":59},"5":{"name":"(anonymous_5)","decl":{"start":{"line":61,"column":13},"end":{"line":61,"column":14}},"loc":{"start":{"line":61,"column":21},"end":{"line":63,"column":9}},"line":61},"6":{"name":"(anonymous_6)","decl":{"start":{"line":76,"column":19},"end":{"line":76,"column":20}},"loc":{"start":{"line":76,"column":26},"end":{"line":76,"column":79}},"line":76}},"branchMap":{"0":{"loc":{"start":{"line":5,"column":17},"end":{"line":5,"column":63}},"type":"binary-expr","locations":[{"start":{"line":5,"column":17},"end":{"line":5,"column":28}},{"start":{"line":5,"column":32},"end":{"line":5,"column":44}},{"start":{"line":5,"column":48},"end":{"line":5,"column":63}}],"line":5},"1":{"loc":{"start":{"line":15,"column":4},"end":{"line":51,"column":5}},"type":"if","locations":[{"start":{"line":15,"column":4},"end":{"line":51,"column":5}},{"start":{},"end":{}}],"line":15},"2":{"loc":{"start":{"line":17,"column":23},"end":{"line":17,"column":49}},"type":"binary-expr","locations":[{"start":{"line":17,"column":23},"end":{"line":17,"column":37}},{"start":{"line":17,"column":41},"end":{"line":17,"column":49}}],"line":17},"3":{"loc":{"start":{"line":26,"column":6},"end":{"line":50,"column":7}},"type":"if","locations":[{"start":{"line":26,"column":6},"end":{"line":50,"column":7}},{"start":{},"end":{}}],"line":26},"4":{"loc":{"start":{"line":34,"column":26},"end":{"line":34,"column":79}},"type":"cond-expr","locations":[{"start":{"line":34,"column":54},"end":{"line":34,"column":64}},{"start":{"line":34,"column":67},"end":{"line":34,"column":79}}],"line":34},"5":{"loc":{"start":{"line":38,"column":8},"end":{"line":49,"column":9}},"type":"if","locations":[{"start":{"line":38,"column":8},"end":{"line":49,"column":9}},{"start":{},"end":{}}],"line":38},"6":{"loc":{"start":{"line":45,"column":10},"end":{"line":48,"column":11}},"type":"if","locations":[{"start":{"line":45,"column":10},"end":{"line":48,"column":11}},{"start":{},"end":{}}],"line":45},"7":{"loc":{"start":{"line":57,"column":4},"end":{"line":93,"column":5}},"type":"if","locations":[{"start":{"line":57,"column":4},"end":{"line":93,"column":5}},{"start":{},"end":{}}],"line":57},"8":{"loc":{"start":{"line":59,"column":23},"end":{"line":59,"column":49}},"type":"binary-expr","locations":[{"start":{"line":59,"column":23},"end":{"line":59,"column":37}},{"start":{"line":59,"column":41},"end":{"line":59,"column":49}}],"line":59},"9":{"loc":{"start":{"line":68,"column":6},"end":{"line":92,"column":7}},"type":"if","locations":[{"start":{"line":68,"column":6},"end":{"line":92,"column":7}},{"start":{},"end":{}}],"line":68},"10":{"loc":{"start":{"line":76,"column":26},"end":{"line":76,"column":79}},"type":"cond-expr","locations":[{"start":{"line":76,"column":54},"end":{"line":76,"column":64}},{"start":{"line":76,"column":67},"end":{"line":76,"column":79}}],"line":76},"11":{"loc":{"start":{"line":80,"column":8},"end":{"line":91,"column":9}},"type":"if","locations":[{"start":{"line":80,"column":8},"end":{"line":91,"column":9}},{"start":{},"end":{}}],"line":80},"12":{"loc":{"start":{"line":87,"column":10},"end":{"line":90,"column":11}},"type":"if","locations":[{"start":{"line":87,"column":10},"end":{"line":90,"column":11}},{"start":{},"end":{}}],"line":87},"13":{"loc":{"start":{"line":101,"column":4},"end":{"line":125,"column":5}},"type":"if","locations":[{"start":{"line":101,"column":4},"end":{"line":125,"column":5}},{"start":{},"end":{}}],"line":101},"14":{"loc":{"start":{"line":101,"column":8},"end":{"line":101,"column":58}},"type":"binary-expr","locations":[{"start":{"line":101,"column":8},"end":{"line":101,"column":26}},{"start":{"line":101,"column":30},"end":{"line":101,"column":58}}],"line":101},"15":{"loc":{"start":{"line":112,"column":6},"end":{"line":124,"column":7}},"type":"if","locations":[{"start":{"line":112,"column":6},"end":{"line":124,"column":7}},{"start":{},"end":{}}],"line":112},"16":{"loc":{"start":{"line":112,"column":10},"end":{"line":112,"column":37}},"type":"binary-expr","locations":[{"start":{"line":112,"column":10},"end":{"line":112,"column":17}},{"start":{"line":112,"column":21},"end":{"line":112,"column":37}}],"line":112},"17":{"loc":{"start":{"line":113,"column":27},"end":{"line":113,"column":98}},"type":"cond-expr","locations":[{"start":{"line":113,"column":61},"end":{"line":113,"column":77}},{"start":{"line":113,"column":80},"end":{"line":113,"column":98}}],"line":113},"18":{"loc":{"start":{"line":120,"column":8},"end":{"line":123,"column":9}},"type":"if","locations":[{"start":{"line":120,"column":8},"end":{"line":123,"column":9}},{"start":{},"end":{}}],"line":120},"19":{"loc":{"start":{"line":136,"column":4},"end":{"line":139,"column":5}},"type":"if","locations":[{"start":{"line":136,"column":4},"end":{"line":139,"column":5}},{"start":{},"end":{}}],"line":136}},"s":{"0":0,"1":0,"2":0,"3":0,"4":0,"5":0,"6":0,"7":0,"8":0,"9":0,"10":0,"11":0,"12":0,"13":0,"14":0,"15":0,"16":0,"17":0,"18":0,"19":0,"20":0,"21":0,"22":0,"23":0,"24":0,"25":0,"26":0,"27":0,"28":0,"29":0,"30":0,"31":0,"32":0,"33":0,"34":0,"35":0,"36":0,"37":0,"38":0,"39":0,"40":0,"41":0,"42":0,"43":0,"44":0,"45":0,"46":0,"47":0,"48":0,"49":0,"50":0,"51":0,"52":0,"53":0,"54":0,"55":0,"56":0,"57":0,"58":0,"59":0,"60":0,"61":0,"62":0,"63":0,"64":0,"65":0,"66":0,"67":0,"68":0,"69":0,"70":0},"f":{"0":0,"1":0,"2":0,"3":0,"4":0,"5":0,"6":0},"b":{"0":[0,0,0],"1":[0,0],"2":[0,0],"3":[0,0],"4":[0,0],"5":[0,0],"6":[0,0],"7":[0,0],"8":[0,0],"9":[0,0],"10":[0,0],"11":[0,0],"12":[0,0],"13":[0,0],"14":[0,0],"15":[0,0],"16":[0,0],"17":[0,0],"18":[0,0],"19":[0,0]}}
,"C:\\Users\\zenca\\Documents\\GitHub\\TFG\\Backend\\src\\Controllers\\reviews.js": {"path":"C:\\Users\\zenca\\Documents\\GitHub\\TFG\\Backend\\src\\Controllers\\reviews.js","statementMap":{"0":{"start":{"line":5,"column":33},"end":{"line":14,"column":1}},"1":{"start":{"line":6,"column":2},"end":{"line":13,"column":3}},"2":{"start":{"line":7,"column":15},"end":{"line":7,"column":39}},"3":{"start":{"line":8,"column":22},"end":{"line":8,"column":35}},"4":{"start":{"line":9,"column":20},"end":{"line":9,"column":80}},"5":{"start":{"line":10,"column":4},"end":{"line":10,"column":34}},"6":{"start":{"line":12,"column":4},"end":{"line":12,"column":68}},"7":{"start":{"line":17,"column":32},"end":{"line":37,"column":1}},"8":{"start":{"line":18,"column":2},"end":{"line":36,"column":3}},"9":{"start":{"line":19,"column":15},"end":{"line":19,"column":39}},"10":{"start":{"line":20,"column":22},"end":{"line":20,"column":35}},"11":{"start":{"line":21,"column":38},"end":{"line":21,"column":46}},"12":{"start":{"line":22,"column":4},"end":{"line":24,"column":5}},"13":{"start":{"line":23,"column":6},"end":{"line":23,"column":76}},"14":{"start":{"line":25,"column":19},"end":{"line":31,"column":5}},"15":{"start":{"line":32,"column":4},"end":{"line":32,"column":53}},"16":{"start":{"line":33,"column":4},"end":{"line":33,"column":33}},"17":{"start":{"line":35,"column":4},"end":{"line":35,"column":65}}},"fnMap":{"0":{"name":"(anonymous_0)","decl":{"start":{"line":5,"column":33},"end":{"line":5,"column":34}},"loc":{"start":{"line":5,"column":53},"end":{"line":14,"column":1}},"line":5},"1":{"name":"(anonymous_1)","decl":{"start":{"line":17,"column":32},"end":{"line":17,"column":33}},"loc":{"start":{"line":17,"column":52},"end":{"line":37,"column":1}},"line":17}},"branchMap":{"0":{"loc":{"start":{"line":22,"column":4},"end":{"line":24,"column":5}},"type":"if","locations":[{"start":{"line":22,"column":4},"end":{"line":24,"column":5}},{"start":{},"end":{}}],"line":22},"1":{"loc":{"start":{"line":22,"column":8},"end":{"line":22,"column":36}},"type":"binary-expr","locations":[{"start":{"line":22,"column":8},"end":{"line":22,"column":15}},{"start":{"line":22,"column":19},"end":{"line":22,"column":27}},{"start":{"line":22,"column":31},"end":{"line":22,"column":36}}],"line":22}},"s":{"0":0,"1":0,"2":0,"3":0,"4":0,"5":0,"6":0,"7":0,"8":0,"9":0,"10":0,"11":0,"12":0,"13":0,"14":0,"15":0,"16":0,"17":0},"f":{"0":0,"1":0},"b":{"0":[0,0],"1":[0,0,0]}}
,"C:\\Users\\zenca\\Documents\\GitHub\\TFG\\Backend\\src\\Controllers\\users.js": {"path":"C:\\Users\\zenca\\Documents\\GitHub\\TFG\\Backend\\src\\Controllers\\users.js","statementMap":{"0":{"start":{"line":4,"column":24},"end":{"line":13,"column":1}},"1":{"start":{"line":5,"column":2},"end":{"line":12,"column":3}},"2":{"start":{"line":6,"column":32},"end":{"line":6,"column":49}},"3":{"start":{"line":7,"column":18},"end":{"line":7,"column":76}},"4":{"start":{"line":8,"column":4},"end":{"line":8,"column":32}},"5":{"start":{"line":10,"column":4},"end":{"line":10,"column":55}},"6":{"start":{"line":11,"column":4},"end":{"line":11,"column":71}},"7":{"start":{"line":15,"column":26},"end":{"line":24,"column":1}},"8":{"start":{"line":16,"column":2},"end":{"line":23,"column":3}},"9":{"start":{"line":17,"column":32},"end":{"line":17,"column":49}},"10":{"start":{"line":18,"column":4},"end":{"line":18,"column":66}},"11":{"start":{"line":19,"column":4},"end":{"line":19,"column":69}},"12":{"start":{"line":21,"column":4},"end":{"line":21,"column":57}},"13":{"start":{"line":22,"column":4},"end":{"line":22,"column":67}},"14":{"start":{"line":26,"column":26},"end":{"line":56,"column":1}},"15":{"start":{"line":27,"column":17},"end":{"line":27,"column":27}},"16":{"start":{"line":28,"column":31},"end":{"line":28,"column":39}},"17":{"start":{"line":30,"column":2},"end":{"line":55,"column":3}},"18":{"start":{"line":31,"column":32},"end":{"line":31,"column":49}},"19":{"start":{"line":34,"column":4},"end":{"line":40,"column":5}},"20":{"start":{"line":35,"column":25},"end":{"line":35,"column":64}},"21":{"start":{"line":36,"column":6},"end":{"line":38,"column":7}},"22":{"start":{"line":37,"column":8},"end":{"line":37,"column":65}},"23":{"start":{"line":39,"column":6},"end":{"line":39,"column":26}},"24":{"start":{"line":42,"column":19},"end":{"line":45,"column":5}},"25":{"start":{"line":47,"column":4},"end":{"line":49,"column":5}},"26":{"start":{"line":48,"column":6},"end":{"line":48,"column":72}},"27":{"start":{"line":51,"column":4},"end":{"line":51,"column":74}},"28":{"start":{"line":53,"column":4},"end":{"line":53,"column":57}},"29":{"start":{"line":54,"column":4},"end":{"line":54,"column":72}},"30":{"start":{"line":58,"column":26},"end":{"line":71,"column":1}},"31":{"start":{"line":59,"column":17},"end":{"line":59,"column":27}},"32":{"start":{"line":60,"column":2},"end":{"line":70,"column":3}},"33":{"start":{"line":61,"column":32},"end":{"line":61,"column":49}},"34":{"start":{"line":62,"column":19},"end":{"line":62,"column":97}},"35":{"start":{"line":63,"column":4},"end":{"line":65,"column":5}},"36":{"start":{"line":64,"column":6},"end":{"line":64,"column":72}},"37":{"start":{"line":66,"column":4},"end":{"line":66,"column":72}},"38":{"start":{"line":68,"column":4},"end":{"line":68,"column":57}},"39":{"start":{"line":69,"column":4},"end":{"line":69,"column":70}}},"fnMap":{"0":{"name":"(anonymous_0)","decl":{"start":{"line":4,"column":24},"end":{"line":4,"column":25}},"loc":{"start":{"line":4,"column":44},"end":{"line":13,"column":1}},"line":4},"1":{"name":"(anonymous_1)","decl":{"start":{"line":15,"column":26},"end":{"line":15,"column":27}},"loc":{"start":{"line":15,"column":46},"end":{"line":24,"column":1}},"line":15},"2":{"name":"(anonymous_2)","decl":{"start":{"line":26,"column":26},"end":{"line":26,"column":27}},"loc":{"start":{"line":26,"column":46},"end":{"line":56,"column":1}},"line":26},"3":{"name":"(anonymous_3)","decl":{"start":{"line":58,"column":26},"end":{"line":58,"column":27}},"loc":{"start":{"line":58,"column":46},"end":{"line":71,"column":1}},"line":58}},"branchMap":{"0":{"loc":{"start":{"line":34,"column":4},"end":{"line":40,"column":5}},"type":"if","locations":[{"start":{"line":34,"column":4},"end":{"line":40,"column":5}},{"start":{},"end":{}}],"line":34},"1":{"loc":{"start":{"line":36,"column":6},"end":{"line":38,"column":7}},"type":"if","locations":[{"start":{"line":36,"column":6},"end":{"line":38,"column":7}},{"start":{},"end":{}}],"line":36},"2":{"loc":{"start":{"line":47,"column":4},"end":{"line":49,"column":5}},"type":"if","locations":[{"start":{"line":47,"column":4},"end":{"line":49,"column":5}},{"start":{},"end":{}}],"line":47},"3":{"loc":{"start":{"line":63,"column":4},"end":{"line":65,"column":5}},"type":"if","locations":[{"start":{"line":63,"column":4},"end":{"line":65,"column":5}},{"start":{},"end":{}}],"line":63}},"s":{"0":0,"1":0,"2":0,"3":0,"4":0,"5":0,"6":0,"7":0,"8":0,"9":0,"10":0,"11":0,"12":0,"13":0,"14":0,"15":0,"16":0,"17":0,"18":0,"19":0,"20":0,"21":0,"22":0,"23":0,"24":0,"25":0,"26":0,"27":0,"28":0,"29":0,"30":0,"31":0,"32":0,"33":0,"34":0,"35":0,"36":0,"37":0,"38":0,"39":0},"f":{"0":0,"1":0,"2":0,"3":0},"b":{"0":[0,0],"1":[0,0],"2":[0,0],"3":[0,0]}}
,"C:\\Users\\zenca\\Documents\\GitHub\\TFG\\Backend\\src\\Controllers\\whishlist.js": {"path":"C:\\Users\\zenca\\Documents\\GitHub\\TFG\\Backend\\src\\Controllers\\whishlist.js","statementMap":{"0":{"start":{"line":4,"column":29},"end":{"line":34,"column":1}},"1":{"start":{"line":5,"column":30},"end":{"line":5,"column":38}},"2":{"start":{"line":6,"column":2},"end":{"line":8,"column":3}},"3":{"start":{"line":7,"column":4},"end":{"line":7,"column":72}},"4":{"start":{"line":9,"column":2},"end":{"line":33,"column":3}},"5":{"start":{"line":10,"column":32},"end":{"line":10,"column":49}},"6":{"start":{"line":12,"column":19},"end":{"line":15,"column":6}},"7":{"start":{"line":16,"column":4},"end":{"line":18,"column":5}},"8":{"start":{"line":17,"column":6},"end":{"line":17,"column":75}},"9":{"start":{"line":19,"column":4},"end":{"line":27,"column":7}},"10":{"start":{"line":29,"column":21},"end":{"line":29,"column":108}},"11":{"start":{"line":30,"column":4},"end":{"line":30,"column":89}},"12":{"start":{"line":32,"column":4},"end":{"line":32,"column":76}},"13":{"start":{"line":35,"column":27},"end":{"line":47,"column":1}},"14":{"start":{"line":36,"column":2},"end":{"line":46,"column":3}},"15":{"start":{"line":37,"column":23},"end":{"line":37,"column":33}},"16":{"start":{"line":38,"column":32},"end":{"line":38,"column":49}},"17":{"start":{"line":40,"column":25},"end":{"line":40,"column":112}},"18":{"start":{"line":42,"column":21},"end":{"line":42,"column":59}},"19":{"start":{"line":42,"column":46},"end":{"line":42,"column":58}},"20":{"start":{"line":43,"column":4},"end":{"line":43,"column":23}},"21":{"start":{"line":45,"column":4},"end":{"line":45,"column":68}},"22":{"start":{"line":49,"column":34},"end":{"line":64,"column":1}},"23":{"start":{"line":50,"column":32},"end":{"line":50,"column":42}},"24":{"start":{"line":51,"column":2},"end":{"line":63,"column":3}},"25":{"start":{"line":52,"column":32},"end":{"line":52,"column":49}},"26":{"start":{"line":53,"column":19},"end":{"line":56,"column":6}},"27":{"start":{"line":57,"column":4},"end":{"line":59,"column":5}},"28":{"start":{"line":58,"column":6},"end":{"line":58,"column":86}},"29":{"start":{"line":60,"column":4},"end":{"line":60,"column":75}},"30":{"start":{"line":62,"column":4},"end":{"line":62,"column":72}}},"fnMap":{"0":{"name":"(anonymous_0)","decl":{"start":{"line":4,"column":29},"end":{"line":4,"column":30}},"loc":{"start":{"line":4,"column":49},"end":{"line":34,"column":1}},"line":4},"1":{"name":"(anonymous_1)","decl":{"start":{"line":35,"column":27},"end":{"line":35,"column":28}},"loc":{"start":{"line":35,"column":47},"end":{"line":47,"column":1}},"line":35},"2":{"name":"(anonymous_2)","decl":{"start":{"line":42,"column":38},"end":{"line":42,"column":39}},"loc":{"start":{"line":42,"column":46},"end":{"line":42,"column":58}},"line":42},"3":{"name":"(anonymous_3)","decl":{"start":{"line":49,"column":34},"end":{"line":49,"column":35}},"loc":{"start":{"line":49,"column":54},"end":{"line":64,"column":1}},"line":49}},"branchMap":{"0":{"loc":{"start":{"line":6,"column":2},"end":{"line":8,"column":3}},"type":"if","locations":[{"start":{"line":6,"column":2},"end":{"line":8,"column":3}},{"start":{},"end":{}}],"line":6},"1":{"loc":{"start":{"line":6,"column":6},"end":{"line":6,"column":41}},"type":"binary-expr","locations":[{"start":{"line":6,"column":6},"end":{"line":6,"column":13}},{"start":{"line":6,"column":17},"end":{"line":6,"column":25}},{"start":{"line":6,"column":29},"end":{"line":6,"column":41}}],"line":6},"2":{"loc":{"start":{"line":16,"column":4},"end":{"line":18,"column":5}},"type":"if","locations":[{"start":{"line":16,"column":4},"end":{"line":18,"column":5}},{"start":{},"end":{}}],"line":16},"3":{"loc":{"start":{"line":57,"column":4},"end":{"line":59,"column":5}},"type":"if","locations":[{"start":{"line":57,"column":4},"end":{"line":59,"column":5}},{"start":{},"end":{}}],"line":57}},"s":{"0":0,"1":0,"2":0,"3":0,"4":0,"5":0,"6":0,"7":0,"8":0,"9":0,"10":0,"11":0,"12":0,"13":0,"14":0,"15":0,"16":0,"17":0,"18":0,"19":0,"20":0,"21":0,"22":0,"23":0,"24":0,"25":0,"26":0,"27":0,"28":0,"29":0,"30":0},"f":{"0":0,"1":0,"2":0,"3":0},"b":{"0":[0,0],"1":[0,0,0],"2":[0,0],"3":[0,0]}}
,"C:\\Users\\zenca\\Documents\\GitHub\\TFG\\Backend\\src\\Loaders\\express.js": {"path":"C:\\Users\\zenca\\Documents\\GitHub\\TFG\\Backend\\src\\Loaders\\express.js","statementMap":{"0":{"start":{"line":6,"column":2},"end":{"line":12,"column":4}},"1":{"start":{"line":13,"column":2},"end":{"line":13,"column":33}},"2":{"start":{"line":14,"column":2},"end":{"line":14,"column":57}},"3":{"start":{"line":16,"column":2},"end":{"line":16,"column":36}},"4":{"start":{"line":17,"column":2},"end":{"line":17,"column":79}},"5":{"start":{"line":17,"column":31},"end":{"line":17,"column":77}}},"fnMap":{"0":{"name":"(anonymous_0)","decl":{"start":{"line":5,"column":15},"end":{"line":5,"column":16}},"loc":{"start":{"line":5,"column":31},"end":{"line":18,"column":1}},"line":5},"1":{"name":"(anonymous_1)","decl":{"start":{"line":17,"column":17},"end":{"line":17,"column":18}},"loc":{"start":{"line":17,"column":31},"end":{"line":17,"column":77}},"line":17}},"branchMap":{},"s":{"0":0,"1":0,"2":0,"3":0,"4":0,"5":0},"f":{"0":0,"1":0},"b":{}}
,"C:\\Users\\zenca\\Documents\\GitHub\\TFG\\Backend\\src\\Loaders\\index.js": {"path":"C:\\Users\\zenca\\Documents\\GitHub\\TFG\\Backend\\src\\Loaders\\index.js","statementMap":{"0":{"start":{"line":3,"column":13},"end":{"line":5,"column":1}},"1":{"start":{"line":4,"column":2},"end":{"line":4,"column":21}}},"fnMap":{"0":{"name":"(anonymous_0)","decl":{"start":{"line":3,"column":13},"end":{"line":3,"column":14}},"loc":{"start":{"line":3,"column":28},"end":{"line":5,"column":1}},"line":3}},"branchMap":{},"s":{"0":0,"1":0},"f":{"0":0},"b":{}}
,"C:\\Users\\zenca\\Documents\\GitHub\\TFG\\Backend\\src\\Middleware\\auth.js": {"path":"C:\\Users\\zenca\\Documents\\GitHub\\TFG\\Backend\\src\\Middleware\\auth.js","statementMap":{"0":{"start":{"line":4,"column":30},"end":{"line":17,"column":1}},"1":{"start":{"line":5,"column":21},"end":{"line":5,"column":48}},"2":{"start":{"line":6,"column":2},"end":{"line":8,"column":3}},"3":{"start":{"line":7,"column":4},"end":{"line":7,"column":90}},"4":{"start":{"line":9,"column":16},"end":{"line":9,"column":49}},"5":{"start":{"line":10,"column":2},"end":{"line":16,"column":3}},"6":{"start":{"line":11,"column":20},"end":{"line":11,"column":55}},"7":{"start":{"line":12,"column":4},"end":{"line":12,"column":23}},"8":{"start":{"line":13,"column":4},"end":{"line":13,"column":11}},"9":{"start":{"line":15,"column":4},"end":{"line":15,"column":65}},"10":{"start":{"line":18,"column":31},"end":{"line":24,"column":1}},"11":{"start":{"line":19,"column":2},"end":{"line":19,"column":50}},"12":{"start":{"line":20,"column":2},"end":{"line":22,"column":3}},"13":{"start":{"line":21,"column":4},"end":{"line":21,"column":84}},"14":{"start":{"line":23,"column":2},"end":{"line":23,"column":9}},"15":{"start":{"line":26,"column":30},"end":{"line":31,"column":1}},"16":{"start":{"line":26,"column":48},"end":{"line":31,"column":1}},"17":{"start":{"line":27,"column":2},"end":{"line":29,"column":3}},"18":{"start":{"line":28,"column":4},"end":{"line":28,"column":88}},"19":{"start":{"line":30,"column":2},"end":{"line":30,"column":9}}},"fnMap":{"0":{"name":"(anonymous_0)","decl":{"start":{"line":4,"column":30},"end":{"line":4,"column":31}},"loc":{"start":{"line":4,"column":50},"end":{"line":17,"column":1}},"line":4},"1":{"name":"(anonymous_1)","decl":{"start":{"line":18,"column":31},"end":{"line":18,"column":32}},"loc":{"start":{"line":18,"column":51},"end":{"line":24,"column":1}},"line":18},"2":{"name":"(anonymous_2)","decl":{"start":{"line":26,"column":30},"end":{"line":26,"column":31}},"loc":{"start":{"line":26,"column":48},"end":{"line":31,"column":1}},"line":26},"3":{"name":"(anonymous_3)","decl":{"start":{"line":26,"column":48},"end":{"line":26,"column":49}},"loc":{"start":{"line":26,"column":68},"end":{"line":31,"column":1}},"line":26}},"branchMap":{"0":{"loc":{"start":{"line":6,"column":2},"end":{"line":8,"column":3}},"type":"if","locations":[{"start":{"line":6,"column":2},"end":{"line":8,"column":3}},{"start":{},"end":{}}],"line":6},"1":{"loc":{"start":{"line":20,"column":2},"end":{"line":22,"column":3}},"type":"if","locations":[{"start":{"line":20,"column":2},"end":{"line":22,"column":3}},{"start":{},"end":{}}],"line":20},"2":{"loc":{"start":{"line":20,"column":6},"end":{"line":20,"column":75}},"type":"binary-expr","locations":[{"start":{"line":20,"column":6},"end":{"line":20,"column":39}},{"start":{"line":20,"column":43},"end":{"line":20,"column":75}}],"line":20},"3":{"loc":{"start":{"line":27,"column":2},"end":{"line":29,"column":3}},"type":"if","locations":[{"start":{"line":27,"column":2},"end":{"line":29,"column":3}},{"start":{},"end":{}}],"line":27}},"s":{"0":1,"1":2,"2":2,"3":1,"4":1,"5":1,"6":1,"7":0,"8":0,"9":1,"10":1,"11":0,"12":0,"13":0,"14":0,"15":1,"16":0,"17":0,"18":0,"19":0},"f":{"0":2,"1":0,"2":0,"3":0},"b":{"0":[1,1],"1":[0,0],"2":[0,0],"3":[0,0]},"_coverageSchema":"1a1c01bbd47fc00a2c39e90264f33305004495a9","hash":"26b54c61100931f4ba1cf2d7f56481a8b60a7f9c"}
,"C:\\Users\\zenca\\Documents\\GitHub\\TFG\\Backend\\src\\Middleware\\role.js": {"path":"C:\\Users\\zenca\\Documents\\GitHub\\TFG\\Backend\\src\\Middleware\\role.js","statementMap":{"0":{"start":{"line":1,"column":37},"end":{"line":6,"column":3}},"1":{"start":{"line":2,"column":4},"end":{"line":4,"column":5}},"2":{"start":{"line":3,"column":6},"end":{"line":3,"column":110}},"3":{"start":{"line":5,"column":4},"end":{"line":5,"column":11}},"4":{"start":{"line":7,"column":29},"end":{"line":12,"column":1}},"5":{"start":{"line":7,"column":39},"end":{"line":12,"column":1}},"6":{"start":{"line":8,"column":2},"end":{"line":10,"column":3}},"7":{"start":{"line":9,"column":4},"end":{"line":9,"column":104}},"8":{"start":{"line":11,"column":2},"end":{"line":11,"column":9}}},"fnMap":{"0":{"name":"(anonymous_0)","decl":{"start":{"line":1,"column":37},"end":{"line":1,"column":38}},"loc":{"start":{"line":1,"column":57},"end":{"line":6,"column":3}},"line":1},"1":{"name":"(anonymous_1)","decl":{"start":{"line":7,"column":29},"end":{"line":7,"column":30}},"loc":{"start":{"line":7,"column":39},"end":{"line":12,"column":1}},"line":7},"2":{"name":"(anonymous_2)","decl":{"start":{"line":7,"column":39},"end":{"line":7,"column":40}},"loc":{"start":{"line":7,"column":59},"end":{"line":12,"column":1}},"line":7}},"branchMap":{"0":{"loc":{"start":{"line":2,"column":4},"end":{"line":4,"column":5}},"type":"if","locations":[{"start":{"line":2,"column":4},"end":{"line":4,"column":5}},{"start":{},"end":{}}],"line":2},"1":{"loc":{"start":{"line":8,"column":2},"end":{"line":10,"column":3}},"type":"if","locations":[{"start":{"line":8,"column":2},"end":{"line":10,"column":3}},{"start":{},"end":{}}],"line":8}},"s":{"0":1,"1":2,"2":1,"3":1,"4":1,"5":2,"6":2,"7":1,"8":1},"f":{"0":2,"1":2,"2":2},"b":{"0":[1,1],"1":[1,1]},"_coverageSchema":"1a1c01bbd47fc00a2c39e90264f33305004495a9","hash":"73f1574a22026ab99806dbbe2850fdb6779eff65"}
,"C:\\Users\\zenca\\Documents\\GitHub\\TFG\\Backend\\src\\Middleware\\upload.js": {"path":"C:\\Users\\zenca\\Documents\\GitHub\\TFG\\Backend\\src\\Middleware\\upload.js","statementMap":{"0":{"start":{"line":8,"column":19},"end":{"line":8,"column":49}},"1":{"start":{"line":9,"column":18},"end":{"line":9,"column":42}},"2":{"start":{"line":11,"column":0},"end":{"line":15,"column":3}},"3":{"start":{"line":17,"column":16},"end":{"line":24,"column":2}},"4":{"start":{"line":19,"column":4},"end":{"line":19,"column":49}},"5":{"start":{"line":22,"column":4},"end":{"line":22,"column":51}},"6":{"start":{"line":26,"column":15},"end":{"line":26,"column":34}},"7":{"start":{"line":28,"column":34},"end":{"line":34,"column":1}},"8":{"start":{"line":29,"column":17},"end":{"line":31,"column":4}},"9":{"start":{"line":32,"column":2},"end":{"line":32,"column":28}},"10":{"start":{"line":33,"column":2},"end":{"line":33,"column":27}}},"fnMap":{"0":{"name":"(anonymous_0)","decl":{"start":{"line":18,"column":15},"end":{"line":18,"column":16}},"loc":{"start":{"line":18,"column":34},"end":{"line":20,"column":3}},"line":18},"1":{"name":"(anonymous_1)","decl":{"start":{"line":21,"column":12},"end":{"line":21,"column":13}},"loc":{"start":{"line":21,"column":31},"end":{"line":23,"column":3}},"line":21},"2":{"name":"(anonymous_2)","decl":{"start":{"line":28,"column":34},"end":{"line":28,"column":35}},"loc":{"start":{"line":28,"column":54},"end":{"line":34,"column":1}},"line":28}},"branchMap":{},"s":{"0":0,"1":0,"2":0,"3":0,"4":0,"5":0,"6":0,"7":0,"8":0,"9":0,"10":0},"f":{"0":0,"1":0,"2":0},"b":{}}
,"C:\\Users\\zenca\\Documents\\GitHub\\TFG\\Backend\\src\\Models\\index.js": {"path":"C:\\Users\\zenca\\Documents\\GitHub\\TFG\\Backend\\src\\Models\\index.js","statementMap":{"0":{"start":{"line":3,"column":0},"end":{"line":3,"column":16}},"1":{"start":{"line":7,"column":18},"end":{"line":26,"column":1}},"2":{"start":{"line":8,"column":2},"end":{"line":10,"column":3}},"3":{"start":{"line":9,"column":4},"end":{"line":9,"column":31}},"4":{"start":{"line":12,"column":2},"end":{"line":25,"column":3}},"5":{"start":{"line":14,"column":24},"end":{"line":14,"column":68}},"6":{"start":{"line":15,"column":4},"end":{"line":15,"column":32}},"7":{"start":{"line":18,"column":4},"end":{"line":18,"column":39}},"8":{"start":{"line":20,"column":4},"end":{"line":20,"column":68}},"9":{"start":{"line":21,"column":4},"end":{"line":21,"column":31}},"10":{"start":{"line":23,"column":4},"end":{"line":23,"column":55}},"11":{"start":{"line":24,"column":4},"end":{"line":24,"column":20}}},"fnMap":{"0":{"name":"(anonymous_0)","decl":{"start":{"line":7,"column":18},"end":{"line":7,"column":19}},"loc":{"start":{"line":7,"column":30},"end":{"line":26,"column":1}},"line":7}},"branchMap":{"0":{"loc":{"start":{"line":8,"column":2},"end":{"line":10,"column":3}},"type":"if","locations":[{"start":{"line":8,"column":2},"end":{"line":10,"column":3}},{"start":{},"end":{}}],"line":8}},"s":{"0":7,"1":7,"2":30,"3":25,"4":5,"5":5,"6":5,"7":5,"8":5,"9":5,"10":0,"11":0},"f":{"0":30},"b":{"0":[25,5]},"_coverageSchema":"1a1c01bbd47fc00a2c39e90264f33305004495a9","hash":"65a5c23e8be992113398d743486d8276b36f742f"}
,"C:\\Users\\zenca\\Documents\\GitHub\\TFG\\Backend\\src\\Models\\products.js": {"path":"C:\\Users\\zenca\\Documents\\GitHub\\TFG\\Backend\\src\\Models\\products.js","statementMap":{"0":{"start":{"line":4,"column":32},"end":{"line":7,"column":1}},"1":{"start":{"line":5,"column":30},"end":{"line":5,"column":47}},"2":{"start":{"line":6,"column":2},"end":{"line":6,"column":25}}},"fnMap":{"0":{"name":"(anonymous_0)","decl":{"start":{"line":4,"column":32},"end":{"line":4,"column":33}},"loc":{"start":{"line":4,"column":44},"end":{"line":7,"column":1}},"line":4}},"branchMap":{},"s":{"0":2,"1":2,"2":2},"f":{"0":2},"b":{},"_coverageSchema":"1a1c01bbd47fc00a2c39e90264f33305004495a9","hash":"e16b990d68622c60e8079d434ef1484368cda9ef"}
,"C:\\Users\\zenca\\Documents\\GitHub\\TFG\\Backend\\src\\Models\\users.js": {"path":"C:\\Users\\zenca\\Documents\\GitHub\\TFG\\Backend\\src\\Models\\users.js","statementMap":{"0":{"start":{"line":4,"column":27},"end":{"line":7,"column":1}},"1":{"start":{"line":5,"column":30},"end":{"line":5,"column":47}},"2":{"start":{"line":6,"column":2},"end":{"line":6,"column":45}},"3":{"start":{"line":10,"column":31},"end":{"line":13,"column":1}},"4":{"start":{"line":11,"column":26},"end":{"line":11,"column":52}},"5":{"start":{"line":12,"column":2},"end":{"line":12,"column":50}},"6":{"start":{"line":16,"column":34},"end":{"line":19,"column":1}},"7":{"start":{"line":17,"column":26},"end":{"line":17,"column":52}},"8":{"start":{"line":18,"column":2},"end":{"line":18,"column":53}},"9":{"start":{"line":22,"column":31},"end":{"line":24,"column":1}},"10":{"start":{"line":23,"column":2},"end":{"line":23,"column":61}},"11":{"start":{"line":26,"column":26},"end":{"line":52,"column":1}},"12":{"start":{"line":27,"column":26},"end":{"line":27,"column":52}},"13":{"start":{"line":30,"column":23},"end":{"line":30,"column":57}},"14":{"start":{"line":31,"column":2},"end":{"line":33,"column":3}},"15":{"start":{"line":32,"column":4},"end":{"line":32,"column":59}},"16":{"start":{"line":36,"column":21},"end":{"line":36,"column":60}},"17":{"start":{"line":37,"column":2},"end":{"line":39,"column":3}},"18":{"start":{"line":38,"column":4},"end":{"line":38,"column":36}},"19":{"start":{"line":41,"column":25},"end":{"line":41,"column":56}},"20":{"start":{"line":42,"column":18},"end":{"line":49,"column":3}},"21":{"start":{"line":50,"column":17},"end":{"line":50,"column":57}},"22":{"start":{"line":51,"column":2},"end":{"line":51,"column":27}},"23":{"start":{"line":54,"column":26},"end":{"line":70,"column":1}},"24":{"start":{"line":55,"column":26},"end":{"line":55,"column":52}},"25":{"start":{"line":58,"column":2},"end":{"line":63,"column":3}},"26":{"start":{"line":59,"column":23},"end":{"line":59,"column":62}},"27":{"start":{"line":60,"column":4},"end":{"line":62,"column":5}},"28":{"start":{"line":61,"column":6},"end":{"line":61,"column":38}},"29":{"start":{"line":65,"column":17},"end":{"line":68,"column":3}},"30":{"start":{"line":69,"column":2},"end":{"line":69,"column":34}},"31":{"start":{"line":72,"column":26},"end":{"line":76,"column":1}},"32":{"start":{"line":73,"column":26},"end":{"line":73,"column":52}},"33":{"start":{"line":74,"column":17},"end":{"line":74,"column":61}},"34":{"start":{"line":75,"column":2},"end":{"line":75,"column":33}},"35":{"start":{"line":77,"column":27},"end":{"line":80,"column":1}},"36":{"start":{"line":78,"column":26},"end":{"line":78,"column":52}},"37":{"start":{"line":79,"column":2},"end":{"line":79,"column":83}}},"fnMap":{"0":{"name":"(anonymous_0)","decl":{"start":{"line":4,"column":27},"end":{"line":4,"column":28}},"loc":{"start":{"line":4,"column":39},"end":{"line":7,"column":1}},"line":4},"1":{"name":"(anonymous_1)","decl":{"start":{"line":10,"column":31},"end":{"line":10,"column":32}},"loc":{"start":{"line":10,"column":48},"end":{"line":13,"column":1}},"line":10},"2":{"name":"(anonymous_2)","decl":{"start":{"line":16,"column":34},"end":{"line":16,"column":35}},"loc":{"start":{"line":16,"column":54},"end":{"line":19,"column":1}},"line":16},"3":{"name":"(anonymous_3)","decl":{"start":{"line":22,"column":31},"end":{"line":22,"column":32}},"loc":{"start":{"line":22,"column":72},"end":{"line":24,"column":1}},"line":22},"4":{"name":"(anonymous_4)","decl":{"start":{"line":26,"column":26},"end":{"line":26,"column":27}},"loc":{"start":{"line":26,"column":78},"end":{"line":52,"column":1}},"line":26},"5":{"name":"(anonymous_5)","decl":{"start":{"line":54,"column":26},"end":{"line":54,"column":27}},"loc":{"start":{"line":54,"column":49},"end":{"line":70,"column":1}},"line":54},"6":{"name":"(anonymous_6)","decl":{"start":{"line":72,"column":26},"end":{"line":72,"column":27}},"loc":{"start":{"line":72,"column":40},"end":{"line":76,"column":1}},"line":72},"7":{"name":"(anonymous_7)","decl":{"start":{"line":77,"column":27},"end":{"line":77,"column":28}},"loc":{"start":{"line":77,"column":39},"end":{"line":80,"column":1}},"line":77}},"branchMap":{"0":{"loc":{"start":{"line":26,"column":60},"end":{"line":26,"column":73}},"type":"default-arg","locations":[{"start":{"line":26,"column":67},"end":{"line":26,"column":73}}],"line":26},"1":{"loc":{"start":{"line":31,"column":2},"end":{"line":33,"column":3}},"type":"if","locations":[{"start":{"line":31,"column":2},"end":{"line":33,"column":3}},{"start":{},"end":{}}],"line":31},"2":{"loc":{"start":{"line":37,"column":2},"end":{"line":39,"column":3}},"type":"if","locations":[{"start":{"line":37,"column":2},"end":{"line":39,"column":3}},{"start":{},"end":{}}],"line":37},"3":{"loc":{"start":{"line":58,"column":2},"end":{"line":63,"column":3}},"type":"if","locations":[{"start":{"line":58,"column":2},"end":{"line":63,"column":3}},{"start":{},"end":{}}],"line":58},"4":{"loc":{"start":{"line":60,"column":4},"end":{"line":62,"column":5}},"type":"if","locations":[{"start":{"line":60,"column":4},"end":{"line":62,"column":5}},{"start":{},"end":{}}],"line":60}},"s":{"0":2,"1":20,"2":20,"3":2,"4":2,"5":2,"6":2,"7":10,"8":10,"9":2,"10":0,"11":2,"12":8,"13":8,"14":8,"15":8,"16":0,"17":0,"18":0,"19":0,"20":0,"21":0,"22":0,"23":2,"24":0,"25":0,"26":0,"27":0,"28":0,"29":0,"30":0,"31":2,"32":0,"33":0,"34":0,"35":2,"36":0,"37":0},"f":{"0":20,"1":2,"2":10,"3":0,"4":8,"5":0,"6":0,"7":0},"b":{"0":[0],"1":[8,0],"2":[0,0],"3":[0,0],"4":[0,0]},"_coverageSchema":"1a1c01bbd47fc00a2c39e90264f33305004495a9","hash":"92709aff6573e53e50e9c3f80208652da627668d"}
,"C:\\Users\\zenca\\Documents\\GitHub\\TFG\\Backend\\src\\Models\\wishlist.js": {"path":"C:\\Users\\zenca\\Documents\\GitHub\\TFG\\Backend\\src\\Models\\wishlist.js","statementMap":{"0":{"start":{"line":5,"column":29},"end":{"line":32,"column":1}},"1":{"start":{"line":6,"column":30},"end":{"line":6,"column":38}},"2":{"start":{"line":7,"column":2},"end":{"line":9,"column":3}},"3":{"start":{"line":8,"column":4},"end":{"line":8,"column":66}},"4":{"start":{"line":11,"column":2},"end":{"line":31,"column":3}},"5":{"start":{"line":12,"column":32},"end":{"line":12,"column":49}},"6":{"start":{"line":14,"column":19},"end":{"line":16,"column":54}},"7":{"start":{"line":18,"column":4},"end":{"line":20,"column":5}},"8":{"start":{"line":19,"column":6},"end":{"line":19,"column":94}},"9":{"start":{"line":23,"column":4},"end":{"line":26,"column":7}},"10":{"start":{"line":28,"column":4},"end":{"line":28,"column":72}},"11":{"start":{"line":30,"column":4},"end":{"line":30,"column":71}}},"fnMap":{"0":{"name":"(anonymous_0)","decl":{"start":{"line":5,"column":29},"end":{"line":5,"column":30}},"loc":{"start":{"line":5,"column":49},"end":{"line":32,"column":1}},"line":5}},"branchMap":{"0":{"loc":{"start":{"line":7,"column":2},"end":{"line":9,"column":3}},"type":"if","locations":[{"start":{"line":7,"column":2},"end":{"line":9,"column":3}},{"start":{},"end":{}}],"line":7},"1":{"loc":{"start":{"line":7,"column":6},"end":{"line":7,"column":41}},"type":"binary-expr","locations":[{"start":{"line":7,"column":6},"end":{"line":7,"column":13}},{"start":{"line":7,"column":17},"end":{"line":7,"column":25}},{"start":{"line":7,"column":29},"end":{"line":7,"column":41}}],"line":7},"2":{"loc":{"start":{"line":18,"column":4},"end":{"line":20,"column":5}},"type":"if","locations":[{"start":{"line":18,"column":4},"end":{"line":20,"column":5}},{"start":{},"end":{}}],"line":18}},"s":{"0":2,"1":2,"2":2,"3":2,"4":0,"5":0,"6":0,"7":0,"8":0,"9":0,"10":0,"11":0},"f":{"0":2},"b":{"0":[2,0],"1":[2,0,0],"2":[0,0]},"_coverageSchema":"1a1c01bbd47fc00a2c39e90264f33305004495a9","hash":"bf5769fb547ff956e1275aeecc4565a81885e7b0"}
,"C:\\Users\\zenca\\Documents\\GitHub\\TFG\\Backend\\src\\Routes\\Nodemailer.js": {"path":"C:\\Users\\zenca\\Documents\\GitHub\\TFG\\Backend\\src\\Routes\\Nodemailer.js","statementMap":{"0":{"start":{"line":4,"column":15},"end":{"line":4,"column":31}},"1":{"start":{"line":7,"column":0},"end":{"line":7,"column":58}}},"fnMap":{},"branchMap":{},"s":{"0":0,"1":0},"f":{},"b":{}}
,"C:\\Users\\zenca\\Documents\\GitHub\\TFG\\Backend\\src\\Routes\\ProductRoutes.js": {"path":"C:\\Users\\zenca\\Documents\\GitHub\\TFG\\Backend\\src\\Routes\\ProductRoutes.js","statementMap":{"0":{"start":{"line":4,"column":15},"end":{"line":4,"column":23}},"1":{"start":{"line":7,"column":0},"end":{"line":7,"column":38}}},"fnMap":{},"branchMap":{},"s":{"0":0,"1":0},"f":{},"b":{}}
,"C:\\Users\\zenca\\Documents\\GitHub\\TFG\\Backend\\src\\Routes\\auth.js": {"path":"C:\\Users\\zenca\\Documents\\GitHub\\TFG\\Backend\\src\\Routes\\auth.js","statementMap":{"0":{"start":{"line":4,"column":15},"end":{"line":4,"column":23}},"1":{"start":{"line":35,"column":0},"end":{"line":35,"column":39}},"2":{"start":{"line":69,"column":0},"end":{"line":69,"column":33}},"3":{"start":{"line":92,"column":0},"end":{"line":92,"column":48}},"4":{"start":{"line":117,"column":0},"end":{"line":117,"column":46}}},"fnMap":{},"branchMap":{},"s":{"0":0,"1":0,"2":0,"3":0,"4":0},"f":{},"b":{}}
,"C:\\Users\\zenca\\Documents\\GitHub\\TFG\\Backend\\src\\Routes\\cart.js": {"path":"C:\\Users\\zenca\\Documents\\GitHub\\TFG\\Backend\\src\\Routes\\cart.js","statementMap":{"0":{"start":{"line":4,"column":15},"end":{"line":4,"column":23}},"1":{"start":{"line":6,"column":0},"end":{"line":6,"column":53}},"2":{"start":{"line":7,"column":0},"end":{"line":7,"column":30}},"3":{"start":{"line":8,"column":0},"end":{"line":8,"column":28}},"4":{"start":{"line":10,"column":0},"end":{"line":10,"column":53}}},"fnMap":{},"branchMap":{},"s":{"0":0,"1":0,"2":0,"3":0,"4":0},"f":{},"b":{}}
,"C:\\Users\\zenca\\Documents\\GitHub\\TFG\\Backend\\src\\Routes\\checkout.js": {"path":"C:\\Users\\zenca\\Documents\\GitHub\\TFG\\Backend\\src\\Routes\\checkout.js","statementMap":{"0":{"start":{"line":103,"column":15},"end":{"line":103,"column":23}},"1":{"start":{"line":104,"column":0},"end":{"line":104,"column":50}}},"fnMap":{},"branchMap":{},"s":{"0":0,"1":0},"f":{},"b":{}}
,"C:\\Users\\zenca\\Documents\\GitHub\\TFG\\Backend\\src\\Routes\\index.js": {"path":"C:\\Users\\zenca\\Documents\\GitHub\\TFG\\Backend\\src\\Routes\\index.js","statementMap":{"0":{"start":{"line":12,"column":15},"end":{"line":12,"column":23}},"1":{"start":{"line":13,"column":0},"end":{"line":13,"column":28}},"2":{"start":{"line":14,"column":0},"end":{"line":14,"column":34}},"3":{"start":{"line":16,"column":0},"end":{"line":16,"column":54}},"4":{"start":{"line":17,"column":0},"end":{"line":17,"column":26}},"5":{"start":{"line":18,"column":0},"end":{"line":18,"column":34}},"6":{"start":{"line":19,"column":0},"end":{"line":19,"column":26}},"7":{"start":{"line":20,"column":0},"end":{"line":20,"column":34}},"8":{"start":{"line":21,"column":0},"end":{"line":21,"column":40}}},"fnMap":{},"branchMap":{},"s":{"0":0,"1":0,"2":0,"3":0,"4":0,"5":0,"6":0,"7":0,"8":0},"f":{},"b":{}}
,"C:\\Users\\zenca\\Documents\\GitHub\\TFG\\Backend\\src\\Routes\\products.js": {"path":"C:\\Users\\zenca\\Documents\\GitHub\\TFG\\Backend\\src\\Routes\\products.js","statementMap":{"0":{"start":{"line":14,"column":15},"end":{"line":14,"column":23}},"1":{"start":{"line":17,"column":0},"end":{"line":17,"column":42}},"2":{"start":{"line":29,"column":0},"end":{"line":29,"column":32}},"3":{"start":{"line":75,"column":0},"end":{"line":75,"column":46}},"4":{"start":{"line":96,"column":0},"end":{"line":96,"column":35}},"5":{"start":{"line":132,"column":0},"end":{"line":138,"column":2}},"6":{"start":{"line":181,"column":0},"end":{"line":187,"column":2}},"7":{"start":{"line":206,"column":0},"end":{"line":206,"column":70}}},"fnMap":{},"branchMap":{},"s":{"0":0,"1":0,"2":0,"3":0,"4":0,"5":0,"6":0,"7":0},"f":{},"b":{}}
,"C:\\Users\\zenca\\Documents\\GitHub\\TFG\\Backend\\src\\Routes\\recomendations.js": {"path":"C:\\Users\\zenca\\Documents\\GitHub\\TFG\\Backend\\src\\Routes\\recomendations.js","statementMap":{"0":{"start":{"line":5,"column":15},"end":{"line":5,"column":31}},"1":{"start":{"line":8,"column":0},"end":{"line":8,"column":52}}},"fnMap":{},"branchMap":{},"s":{"0":0,"1":0},"f":{},"b":{}}
,"C:\\Users\\zenca\\Documents\\GitHub\\TFG\\Backend\\src\\Routes\\reviews.js": {"path":"C:\\Users\\zenca\\Documents\\GitHub\\TFG\\Backend\\src\\Routes\\reviews.js","statementMap":{"0":{"start":{"line":4,"column":15},"end":{"line":4,"column":44}},"1":{"start":{"line":6,"column":0},"end":{"line":6,"column":35}},"2":{"start":{"line":7,"column":0},"end":{"line":7,"column":35}}},"fnMap":{},"branchMap":{},"s":{"0":0,"1":0,"2":0},"f":{},"b":{}}
,"C:\\Users\\zenca\\Documents\\GitHub\\TFG\\Backend\\src\\Routes\\systemAdminMiddleware.js": {"path":"C:\\Users\\zenca\\Documents\\GitHub\\TFG\\Backend\\src\\Routes\\systemAdminMiddleware.js","statementMap":{"0":{"start":{"line":6,"column":15},"end":{"line":6,"column":23}},"1":{"start":{"line":8,"column":0},"end":{"line":15,"column":3}},"2":{"start":{"line":9,"column":2},"end":{"line":14,"column":3}},"3":{"start":{"line":10,"column":18},"end":{"line":10,"column":37}},"4":{"start":{"line":11,"column":4},"end":{"line":11,"column":32}},"5":{"start":{"line":13,"column":4},"end":{"line":13,"column":69}},"6":{"start":{"line":17,"column":0},"end":{"line":25,"column":3}},"7":{"start":{"line":18,"column":46},"end":{"line":18,"column":54}},"8":{"start":{"line":19,"column":2},"end":{"line":24,"column":3}},"9":{"start":{"line":20,"column":19},"end":{"line":20,"column":68}},"10":{"start":{"line":21,"column":4},"end":{"line":21,"column":77}},"11":{"start":{"line":23,"column":4},"end":{"line":23,"column":51}},"12":{"start":{"line":27,"column":0},"end":{"line":39,"column":3}},"13":{"start":{"line":28,"column":17},"end":{"line":28,"column":27}},"14":{"start":{"line":29,"column":18},"end":{"line":29,"column":26}},"15":{"start":{"line":30,"column":2},"end":{"line":38,"column":3}},"16":{"start":{"line":31,"column":20},"end":{"line":31,"column":49}},"17":{"start":{"line":32,"column":4},"end":{"line":34,"column":5}},"18":{"start":{"line":33,"column":6},"end":{"line":33,"column":70}},"19":{"start":{"line":35,"column":4},"end":{"line":35,"column":74}},"20":{"start":{"line":37,"column":4},"end":{"line":37,"column":70}},"21":{"start":{"line":41,"column":0},"end":{"line":52,"column":3}},"22":{"start":{"line":42,"column":17},"end":{"line":42,"column":27}},"23":{"start":{"line":43,"column":2},"end":{"line":51,"column":3}},"24":{"start":{"line":44,"column":20},"end":{"line":44,"column":40}},"25":{"start":{"line":45,"column":4},"end":{"line":47,"column":5}},"26":{"start":{"line":46,"column":6},"end":{"line":46,"column":70}},"27":{"start":{"line":48,"column":4},"end":{"line":48,"column":72}},"28":{"start":{"line":50,"column":4},"end":{"line":50,"column":68}}},"fnMap":{"0":{"name":"(anonymous_0)","decl":{"start":{"line":8,"column":55},"end":{"line":8,"column":56}},"loc":{"start":{"line":8,"column":75},"end":{"line":15,"column":1}},"line":8},"1":{"name":"(anonymous_1)","decl":{"start":{"line":17,"column":56},"end":{"line":17,"column":57}},"loc":{"start":{"line":17,"column":76},"end":{"line":25,"column":1}},"line":17},"2":{"name":"(anonymous_2)","decl":{"start":{"line":27,"column":58},"end":{"line":27,"column":59}},"loc":{"start":{"line":27,"column":78},"end":{"line":39,"column":1}},"line":27},"3":{"name":"(anonymous_3)","decl":{"start":{"line":41,"column":61},"end":{"line":41,"column":62}},"loc":{"start":{"line":41,"column":81},"end":{"line":52,"column":1}},"line":41}},"branchMap":{"0":{"loc":{"start":{"line":32,"column":4},"end":{"line":34,"column":5}},"type":"if","locations":[{"start":{"line":32,"column":4},"end":{"line":34,"column":5}},{"start":{},"end":{}}],"line":32},"1":{"loc":{"start":{"line":45,"column":4},"end":{"line":47,"column":5}},"type":"if","locations":[{"start":{"line":45,"column":4},"end":{"line":47,"column":5}},{"start":{},"end":{}}],"line":45}},"s":{"0":0,"1":0,"2":0,"3":0,"4":0,"5":0,"6":0,"7":0,"8":0,"9":0,"10":0,"11":0,"12":0,"13":0,"14":0,"15":0,"16":0,"17":0,"18":0,"19":0,"20":0,"21":0,"22":0,"23":0,"24":0,"25":0,"26":0,"27":0,"28":0},"f":{"0":0,"1":0,"2":0,"3":0},"b":{"0":[0,0],"1":[0,0]}}
,"C:\\Users\\zenca\\Documents\\GitHub\\TFG\\Backend\\src\\Routes\\users.js": {"path":"C:\\Users\\zenca\\Documents\\GitHub\\TFG\\Backend\\src\\Routes\\users.js","statementMap":{"0":{"start":{"line":4,"column":15},"end":{"line":4,"column":23}},"1":{"start":{"line":114,"column":0},"end":{"line":114,"column":26}},"2":{"start":{"line":115,"column":0},"end":{"line":115,"column":29}},"3":{"start":{"line":116,"column":0},"end":{"line":116,"column":31}},"4":{"start":{"line":117,"column":0},"end":{"line":117,"column":34}}},"fnMap":{},"branchMap":{},"s":{"0":0,"1":0,"2":0,"3":0,"4":0},"f":{},"b":{}}
,"C:\\Users\\zenca\\Documents\\GitHub\\TFG\\Backend\\src\\Routes\\whishlist.js": {"path":"C:\\Users\\zenca\\Documents\\GitHub\\TFG\\Backend\\src\\Routes\\whishlist.js","statementMap":{"0":{"start":{"line":4,"column":15},"end":{"line":4,"column":23}},"1":{"start":{"line":5,"column":0},"end":{"line":5,"column":32}},"2":{"start":{"line":6,"column":0},"end":{"line":6,"column":36}},"3":{"start":{"line":7,"column":0},"end":{"line":7,"column":57}}},"fnMap":{},"branchMap":{},"s":{"0":0,"1":0,"2":0,"3":0},"f":{},"b":{}}
,"C:\\Users\\zenca\\Documents\\GitHub\\TFG\\Backend\\src\\Services\\auth.js": {"path":"C:\\Users\\zenca\\Documents\\GitHub\\TFG\\Backend\\src\\Services\\auth.js","statementMap":{"0":{"start":{"line":7,"column":28},"end":{"line":14,"column":1}},"1":{"start":{"line":8,"column":13},"end":{"line":8,"column":30}},"2":{"start":{"line":9,"column":25},"end":{"line":9,"column":56}},"3":{"start":{"line":10,"column":18},"end":{"line":10,"column":59}},"4":{"start":{"line":12,"column":2},"end":{"line":12,"column":50}},"5":{"start":{"line":13,"column":2},"end":{"line":13,"column":17}},"6":{"start":{"line":16,"column":25},"end":{"line":26,"column":1}},"7":{"start":{"line":17,"column":13},"end":{"line":17,"column":30}},"8":{"start":{"line":18,"column":15},"end":{"line":18,"column":62}},"9":{"start":{"line":20,"column":2},"end":{"line":22,"column":3}},"10":{"start":{"line":21,"column":4},"end":{"line":21,"column":46}},"11":{"start":{"line":24,"column":16},"end":{"line":24,"column":81}},"12":{"start":{"line":25,"column":2},"end":{"line":25,"column":25}},"13":{"start":{"line":28,"column":27},"end":{"line":35,"column":1}},"14":{"start":{"line":29,"column":13},"end":{"line":29,"column":30}},"15":{"start":{"line":30,"column":15},"end":{"line":30,"column":78}},"16":{"start":{"line":31,"column":2},"end":{"line":33,"column":3}},"17":{"start":{"line":32,"column":4},"end":{"line":32,"column":45}},"18":{"start":{"line":34,"column":2},"end":{"line":34,"column":14}}},"fnMap":{"0":{"name":"(anonymous_0)","decl":{"start":{"line":7,"column":28},"end":{"line":7,"column":29}},"loc":{"start":{"line":7,"column":65},"end":{"line":14,"column":1}},"line":7},"1":{"name":"(anonymous_1)","decl":{"start":{"line":16,"column":25},"end":{"line":16,"column":26}},"loc":{"start":{"line":16,"column":52},"end":{"line":26,"column":1}},"line":16},"2":{"name":"(anonymous_2)","decl":{"start":{"line":28,"column":27},"end":{"line":28,"column":28}},"loc":{"start":{"line":28,"column":41},"end":{"line":35,"column":1}},"line":28}},"branchMap":{"0":{"loc":{"start":{"line":20,"column":2},"end":{"line":22,"column":3}},"type":"if","locations":[{"start":{"line":20,"column":2},"end":{"line":22,"column":3}},{"start":{},"end":{}}],"line":20},"1":{"loc":{"start":{"line":20,"column":6},"end":{"line":20,"column":63}},"type":"binary-expr","locations":[{"start":{"line":20,"column":6},"end":{"line":20,"column":11}},{"start":{"line":20,"column":15},"end":{"line":20,"column":63}}],"line":20},"2":{"loc":{"start":{"line":31,"column":2},"end":{"line":33,"column":3}},"type":"if","locations":[{"start":{"line":31,"column":2},"end":{"line":33,"column":3}},{"start":{},"end":{}}],"line":31}},"s":{"0":1,"1":3,"2":3,"3":3,"4":3,"5":0,"6":1,"7":4,"8":4,"9":0,"10":0,"11":0,"12":0,"13":1,"14":1,"15":1,"16":0,"17":0,"18":0},"f":{"0":3,"1":4,"2":1},"b":{"0":[0,0],"1":[0,0],"2":[0,0]},"_coverageSchema":"1a1c01bbd47fc00a2c39e90264f33305004495a9","hash":"6001b45cca001c617f236272de282a2858740f15"}
,"C:\\Users\\zenca\\Documents\\GitHub\\TFG\\Backend\\src\\Utils\\cloudinary.js": {"path":"C:\\Users\\zenca\\Documents\\GitHub\\TFG\\Backend\\src\\Utils\\cloudinary.js","statementMap":{"0":{"start":{"line":3,"column":0},"end":{"line":7,"column":3}}},"fnMap":{},"branchMap":{},"s":{"0":0},"f":{},"b":{}}
,"C:\\Users\\zenca\\Documents\\GitHub\\TFG\\Backend\\src\\Utils\\index.js": {"path":"C:\\Users\\zenca\\Documents\\GitHub\\TFG\\Backend\\src\\Utils\\index.js","statementMap":{},"fnMap":{},"branchMap":{},"s":{},"f":{},"b":{}}
,"C:\\Users\\zenca\\Documents\\GitHub\\TFG\\Backend\\src\\Utils\\logger.js": {"path":"C:\\Users\\zenca\\Documents\\GitHub\\TFG\\Backend\\src\\Utils\\logger.js","statementMap":{"0":{"start":{"line":4,"column":15},"end":{"line":8,"column":2}}},"fnMap":{},"branchMap":{},"s":{"0":0},"f":{},"b":{}}
,"C:\\Users\\zenca\\Documents\\GitHub\\TFG\\Backend\\src\\Utils\\swagger.js": {"path":"C:\\Users\\zenca\\Documents\\GitHub\\TFG\\Backend\\src\\Utils\\swagger.js","statementMap":{"0":{"start":{"line":5,"column":16},"end":{"line":34,"column":1}},"1":{"start":{"line":36,"column":14},"end":{"line":36,"column":35}},"2":{"start":{"line":38,"column":22},"end":{"line":38,"column":30}},"3":{"start":{"line":39,"column":0},"end":{"line":39,"column":68}}},"fnMap":{},"branchMap":{},"s":{"0":0,"1":0,"2":0,"3":0},"f":{},"b":{}}
}
