TN:
SF:config.js
FNF:0
FNH:0
DA:2,2
DA:4,2
LF:2
LH:2
BRDA:5,0,0,2
BRDA:5,0,1,0
BRF:2
BRH:1
end_of_record
TN:
SF:src\Middleware\auth.js
FN:4,(anonymous_0)
FN:18,(anonymous_1)
FN:26,(anonymous_2)
FN:26,(anonymous_3)
FNF:4
FNH:4
FNDA:2,(anonymous_0)
FNDA:2,(anonymous_1)
FNDA:2,(anonymous_2)
FNDA:2,(anonymous_3)
DA:4,1
DA:5,2
DA:6,2
DA:7,1
DA:9,1
DA:10,1
DA:11,1
DA:12,0
DA:13,0
DA:15,1
DA:18,1
DA:19,2
DA:20,2
DA:21,1
DA:23,1
DA:26,2
DA:27,2
DA:28,1
DA:30,1
LF:19
LH:17
BRDA:6,0,0,1
BRDA:6,0,1,1
BRDA:20,1,0,1
BRDA:20,1,1,1
BRDA:20,2,0,2
BRDA:20,2,1,2
BRDA:27,3,0,1
BRDA:27,3,1,1
BRF:8
BRH:8
end_of_record
TN:
SF:src\Middleware\role.js
FN:1,(anonymous_0)
FN:7,(anonymous_1)
FN:7,(anonymous_2)
FNF:3
FNH:3
FNDA:2,(anonymous_0)
FNDA:2,(anonymous_1)
FNDA:2,(anonymous_2)
DA:1,1
DA:2,2
DA:3,1
DA:5,1
DA:7,2
DA:8,2
DA:9,1
DA:11,1
LF:8
LH:8
BRDA:2,0,0,1
BRDA:2,0,1,1
BRDA:8,1,0,1
BRDA:8,1,1,1
BRF:4
BRH:4
end_of_record
TN:
SF:src\Models\index.js
FN:7,(anonymous_0)
FNF:1
FNH:1
FNDA:9,(anonymous_0)
DA:3,2
DA:7,2
DA:8,9
DA:9,7
DA:12,2
DA:14,2
DA:15,2
DA:18,2
DA:20,2
DA:21,2
DA:23,0
DA:24,0
LF:12
LH:10
BRDA:8,0,0,7
BRDA:8,0,1,2
BRF:2
BRH:2
end_of_record
TN:
SF:src\Models\users.js
FN:4,(anonymous_0)
FN:10,(anonymous_1)
FN:16,(anonymous_2)
FN:22,(anonymous_3)
FN:26,(anonymous_4)
FN:54,(anonymous_5)
FN:72,(anonymous_6)
FN:77,(anonymous_7)
FNF:8
FNH:4
FNDA:4,(anonymous_0)
FNDA:1,(anonymous_1)
FNDA:2,(anonymous_2)
FNDA:0,(anonymous_3)
FNDA:1,(anonymous_4)
FNDA:0,(anonymous_5)
FNDA:0,(anonymous_6)
FNDA:0,(anonymous_7)
DA:4,1
DA:5,4
DA:6,4
DA:10,1
DA:11,1
DA:12,1
DA:16,1
DA:17,2
DA:18,2
DA:22,1
DA:23,0
DA:26,1
DA:27,1
DA:30,1
DA:31,1
DA:32,1
DA:36,0
DA:37,0
DA:38,0
DA:41,0
DA:42,0
DA:50,0
DA:51,0
DA:54,1
DA:55,0
DA:58,0
DA:59,0
DA:60,0
DA:61,0
DA:65,0
DA:69,0
DA:72,1
DA:73,0
DA:74,0
DA:75,0
DA:77,1
DA:78,0
DA:79,0
LF:38
LH:18
BRDA:26,0,0,0
BRDA:31,1,0,1
BRDA:31,1,1,0
BRDA:37,2,0,0
BRDA:37,2,1,0
BRDA:58,3,0,0
BRDA:58,3,1,0
BRDA:60,4,0,0
BRDA:60,4,1,0
BRF:9
BRH:1
end_of_record
TN:
SF:src\Services\auth.js
FN:7,(anonymous_0)
FN:16,(anonymous_1)
FN:28,(anonymous_2)
FNF:3
FNH:3
FNDA:1,(anonymous_0)
FNDA:3,(anonymous_1)
FNDA:1,(anonymous_2)
DA:7,1
DA:8,1
DA:9,1
DA:10,1
DA:12,1
DA:13,0
DA:16,1
DA:17,3
DA:18,3
DA:20,0
DA:21,0
DA:24,0
DA:25,0
DA:28,1
DA:29,1
DA:30,1
DA:31,0
DA:32,0
DA:34,0
LF:19
LH:11
BRDA:20,0,0,0
BRDA:20,0,1,0
BRDA:20,1,0,0
BRDA:20,1,1,0
BRDA:31,2,0,0
BRDA:31,2,1,0
BRF:6
BRH:0
end_of_record
